{
  "stats": {
    "suites": 22,
    "tests": 69,
    "passes": 61,
    "pending": 0,
    "failures": 8,
    "start": "2021-06-16T22:50:51.957Z",
    "end": "2021-06-16T22:52:49.005Z",
    "duration": 117048,
    "testsRegistered": 69,
    "passPercent": 88.40579710144928,
    "pendingPercent": 0,
    "other": 0,
    "hasOther": false,
    "skipped": 0,
    "hasSkipped": false
  },
  "results": [
    {
      "uuid": "74601470-2b13-4212-b47e-68e3a8c81112",
      "title": "",
      "fullFile": "cypress/integration/project.spec.js",
      "file": "cypress/integration/project.spec.js",
      "beforeHooks": [],
      "afterHooks": [],
      "tests": [],
      "suites": [
        {
          "uuid": "8cee2e39-171f-4700-b4f0-034d93eedbaa",
          "title": "Trybewarts",
          "fullFile": "",
          "file": "",
          "beforeHooks": [],
          "afterHooks": [],
          "tests": [],
          "suites": [
            {
              "uuid": "14249115-a5f1-47a2-9a6d-de63abb8625c",
              "title": "1 - Crie uma barra verde na parte superior da página",
              "fullFile": "",
              "file": "",
              "beforeHooks": [],
              "afterHooks": [],
              "tests": [
                {
                  "title": "Esta barra deve possuir a classe `header`",
                  "fullTitle": "Trybewarts 1 - Crie uma barra verde na parte superior da página Esta barra deve possuir a classe `header`",
                  "timedOut": null,
                  "duration": 1954,
                  "state": "passed",
                  "speed": "slow",
                  "pass": true,
                  "fail": false,
                  "pending": false,
                  "context": null,
                  "code": "cy.get(TOP_BAR_SELECTOR).should('exist');",
                  "err": {},
                  "uuid": "fffa76ab-fe09-4999-8418-ac81a3b4a1a0",
                  "parentUUID": "14249115-a5f1-47a2-9a6d-de63abb8625c",
                  "isHook": false,
                  "skipped": false
                },
                {
                  "title": "A classe `header` deve determinar que o elemento é um flex container",
                  "fullTitle": "Trybewarts 1 - Crie uma barra verde na parte superior da página A classe `header` deve determinar que o elemento é um flex container",
                  "timedOut": null,
                  "duration": 630,
                  "state": "passed",
                  "speed": "slow",
                  "pass": true,
                  "fail": false,
                  "pending": false,
                  "context": null,
                  "code": "cy.get(TOP_BAR_SELECTOR).should('have.css', 'display', 'flex');",
                  "err": {},
                  "uuid": "da007f05-31e8-4a9e-889c-d6a21a001199",
                  "parentUUID": "14249115-a5f1-47a2-9a6d-de63abb8625c",
                  "isHook": false,
                  "skipped": false
                },
                {
                  "title": "A classe header deve possuir a propriedade `background-color: rgb(50, 167, 145)`",
                  "fullTitle": "Trybewarts 1 - Crie uma barra verde na parte superior da página A classe header deve possuir a propriedade `background-color: rgb(50, 167, 145)`",
                  "timedOut": null,
                  "duration": 148,
                  "state": "passed",
                  "speed": "slow",
                  "pass": true,
                  "fail": false,
                  "pending": false,
                  "context": null,
                  "code": "cy.get(TOP_BAR_SELECTOR).should('have.css', 'background-color', 'rgb(50, 167, 145)');",
                  "err": {},
                  "uuid": "18525fd5-7749-4e32-befd-5a59f4d464b7",
                  "parentUUID": "14249115-a5f1-47a2-9a6d-de63abb8625c",
                  "isHook": false,
                  "skipped": false
                }
              ],
              "suites": [],
              "passes": [
                "fffa76ab-fe09-4999-8418-ac81a3b4a1a0",
                "da007f05-31e8-4a9e-889c-d6a21a001199",
                "18525fd5-7749-4e32-befd-5a59f4d464b7"
              ],
              "failures": [],
              "pending": [],
              "skipped": [],
              "duration": 2732,
              "root": false,
              "rootEmpty": false,
              "_timeout": 2000
            },
            {
              "uuid": "2b1c544e-7ff7-4ece-a0d4-102f3af52185",
              "title": "2 - Adicione o logotipo da Trybewarts com a classe `trybewarts-header-logo` no canto esquerdo da barra superior",
              "fullFile": "",
              "file": "",
              "beforeHooks": [],
              "afterHooks": [],
              "tests": [
                {
                  "title": "Deve existir um elemento img com a classe `trybewarts-header-logo`",
                  "fullTitle": "Trybewarts 2 - Adicione o logotipo da Trybewarts com a classe `trybewarts-header-logo` no canto esquerdo da barra superior Deve existir um elemento img com a classe `trybewarts-header-logo`",
                  "timedOut": null,
                  "duration": 112,
                  "state": "passed",
                  "speed": "slow",
                  "pass": true,
                  "fail": false,
                  "pending": false,
                  "context": null,
                  "code": "cy.get(TRYBEWARTS_LOGO_SELECTOR).should('exist');",
                  "err": {},
                  "uuid": "ee199d3b-7464-4e8c-ba6f-70565701bf3a",
                  "parentUUID": "2b1c544e-7ff7-4ece-a0d4-102f3af52185",
                  "isHook": false,
                  "skipped": false
                },
                {
                  "title": "O logotipo deve estar alinhado à esquerda dentro da barra verde",
                  "fullTitle": "Trybewarts 2 - Adicione o logotipo da Trybewarts com a classe `trybewarts-header-logo` no canto esquerdo da barra superior O logotipo deve estar alinhado à esquerda dentro da barra verde",
                  "timedOut": null,
                  "duration": 75,
                  "state": "passed",
                  "speed": "medium",
                  "pass": true,
                  "fail": false,
                  "pending": false,
                  "context": null,
                  "code": "cy.get(TRYBEWARTS_LOGO_SELECTOR).should('be.leftAligned', TOP_BAR_SELECTOR);",
                  "err": {},
                  "uuid": "daf09668-aba4-40e9-886a-93eaedeec3b2",
                  "parentUUID": "2b1c544e-7ff7-4ece-a0d4-102f3af52185",
                  "isHook": false,
                  "skipped": false
                },
                {
                  "title": "O atributo src do logotipo deve apontar para images/trybewarts-header-logo.svg",
                  "fullTitle": "Trybewarts 2 - Adicione o logotipo da Trybewarts com a classe `trybewarts-header-logo` no canto esquerdo da barra superior O atributo src do logotipo deve apontar para images/trybewarts-header-logo.svg",
                  "timedOut": null,
                  "duration": 143,
                  "state": "passed",
                  "speed": "slow",
                  "pass": true,
                  "fail": false,
                  "pending": false,
                  "context": null,
                  "code": "cy.get(TRYBEWARTS_LOGO_SELECTOR).should('have.attr', 'src').should('equal', 'images/trybewarts-header-logo.svg');",
                  "err": {},
                  "uuid": "24ad9dce-bce4-43bf-a963-19a6c65c35d9",
                  "parentUUID": "2b1c544e-7ff7-4ece-a0d4-102f3af52185",
                  "isHook": false,
                  "skipped": false
                }
              ],
              "suites": [],
              "passes": [
                "ee199d3b-7464-4e8c-ba6f-70565701bf3a",
                "daf09668-aba4-40e9-886a-93eaedeec3b2",
                "24ad9dce-bce4-43bf-a963-19a6c65c35d9"
              ],
              "failures": [],
              "pending": [],
              "skipped": [],
              "duration": 330,
              "root": false,
              "rootEmpty": false,
              "_timeout": 2000
            },
            {
              "uuid": "c330847b-d332-49ce-bf5a-fd18e23f46e8",
              "title": "3 - Acrescente um formulário de autenticação no canto direito da barra superior contendo os inputs de login, de senha e um botão de entrar",
              "fullFile": "",
              "file": "",
              "beforeHooks": [],
              "afterHooks": [],
              "tests": [
                {
                  "title": "Existe um formulário com a classe trybewarts-login",
                  "fullTitle": "Trybewarts 3 - Acrescente um formulário de autenticação no canto direito da barra superior contendo os inputs de login, de senha e um botão de entrar Existe um formulário com a classe trybewarts-login",
                  "timedOut": null,
                  "duration": 277,
                  "state": "passed",
                  "speed": "slow",
                  "pass": true,
                  "fail": false,
                  "pending": false,
                  "context": null,
                  "code": "cy.get(TRYBEWARTS_LOGIN_FORM_SELECTOR).should('exist');",
                  "err": {},
                  "uuid": "e65cb4fd-b571-4ade-8cb1-1be2e5412963",
                  "parentUUID": "c330847b-d332-49ce-bf5a-fd18e23f46e8",
                  "isHook": false,
                  "skipped": false
                },
                {
                  "title": "O formulário deve estar alinhado à direita dentro da barra verde",
                  "fullTitle": "Trybewarts 3 - Acrescente um formulário de autenticação no canto direito da barra superior contendo os inputs de login, de senha e um botão de entrar O formulário deve estar alinhado à direita dentro da barra verde",
                  "timedOut": null,
                  "duration": 121,
                  "state": "passed",
                  "speed": "slow",
                  "pass": true,
                  "fail": false,
                  "pending": false,
                  "context": null,
                  "code": "cy.get(TOP_BAR_SELECTOR).should('have.css', 'justify-content', 'space-between');",
                  "err": {},
                  "uuid": "5747344f-83b9-4de3-a3be-bf2151b71fb1",
                  "parentUUID": "c330847b-d332-49ce-bf5a-fd18e23f46e8",
                  "isHook": false,
                  "skipped": false
                },
                {
                  "title": "Existem dois inputs e um botão dentro do formulário",
                  "fullTitle": "Trybewarts 3 - Acrescente um formulário de autenticação no canto direito da barra superior contendo os inputs de login, de senha e um botão de entrar Existem dois inputs e um botão dentro do formulário",
                  "timedOut": null,
                  "duration": 126,
                  "state": "passed",
                  "speed": "slow",
                  "pass": true,
                  "fail": false,
                  "pending": false,
                  "context": null,
                  "code": "cy.get(\"\".concat(TRYBEWARTS_LOGIN_FORM_SELECTOR, \" input\")).should(function ($input) {\n  expect($input).to.have.length(2);\n});\ncy.get(\"\".concat(TRYBEWARTS_LOGIN_FORM_SELECTOR, \" button\")).should('exist');",
                  "err": {},
                  "uuid": "1b1f0e86-0a93-45a9-bb30-7c02c1acd15a",
                  "parentUUID": "c330847b-d332-49ce-bf5a-fd18e23f46e8",
                  "isHook": false,
                  "skipped": false
                },
                {
                  "title": "Os inputs deverão conter placeholders com as palavras \"Login\" e \"Senha\", respectivamente",
                  "fullTitle": "Trybewarts 3 - Acrescente um formulário de autenticação no canto direito da barra superior contendo os inputs de login, de senha e um botão de entrar Os inputs deverão conter placeholders com as palavras \"Login\" e \"Senha\", respectivamente",
                  "timedOut": null,
                  "duration": 123,
                  "state": "passed",
                  "speed": "slow",
                  "pass": true,
                  "fail": false,
                  "pending": false,
                  "context": null,
                  "code": "cy.get(\"\".concat(TRYBEWARTS_LOGIN_FORM_SELECTOR, \" input\")).should(function ($input) {\n  expect($input[0].placeholder).to.match(/Login/);\n  expect($input[1].placeholder).to.match(/Senha/);\n});",
                  "err": {},
                  "uuid": "567e3712-088b-47d8-94c9-7388e8223bc3",
                  "parentUUID": "c330847b-d332-49ce-bf5a-fd18e23f46e8",
                  "isHook": false,
                  "skipped": false
                },
                {
                  "title": "O formulário deve ser um flex container",
                  "fullTitle": "Trybewarts 3 - Acrescente um formulário de autenticação no canto direito da barra superior contendo os inputs de login, de senha e um botão de entrar O formulário deve ser um flex container",
                  "timedOut": null,
                  "duration": 174,
                  "state": "passed",
                  "speed": "slow",
                  "pass": true,
                  "fail": false,
                  "pending": false,
                  "context": null,
                  "code": "cy.get(TRYBEWARTS_LOGIN_FORM_SELECTOR).should('have.css', 'display', 'flex');",
                  "err": {},
                  "uuid": "de565c61-00e5-411f-84f5-66285350375a",
                  "parentUUID": "c330847b-d332-49ce-bf5a-fd18e23f46e8",
                  "isHook": false,
                  "skipped": false
                },
                {
                  "title": "Ao clicar no botão com login ou senha inválidos, emite um alerta contendo o texto \"Login ou senha inválidos.\"",
                  "fullTitle": "Trybewarts 3 - Acrescente um formulário de autenticação no canto direito da barra superior contendo os inputs de login, de senha e um botão de entrar Ao clicar no botão com login ou senha inválidos, emite um alerta contendo o texto \"Login ou senha inválidos.\"",
                  "timedOut": null,
                  "duration": 378,
                  "state": "passed",
                  "speed": "slow",
                  "pass": true,
                  "fail": false,
                  "pending": false,
                  "context": null,
                  "code": "var stub = cy.stub();\ncy.on('window:alert', stub);\ncy.get(\"\".concat(TRYBEWARTS_LOGIN_FORM_SELECTOR, \" button\")).click().then(function () {\n  expect(stub.getCall(0)).to.be.calledWith('Login ou senha inválidos.');\n});",
                  "err": {},
                  "uuid": "50db4a5f-ef6b-4201-9a86-3862226d10ca",
                  "parentUUID": "c330847b-d332-49ce-bf5a-fd18e23f46e8",
                  "isHook": false,
                  "skipped": false
                },
                {
                  "title": "Ao clicar no botão com login ou senha válidos, emite um alerta contendo o texto \"Olá, Tryber!\"",
                  "fullTitle": "Trybewarts 3 - Acrescente um formulário de autenticação no canto direito da barra superior contendo os inputs de login, de senha e um botão de entrar Ao clicar no botão com login ou senha válidos, emite um alerta contendo o texto \"Olá, Tryber!\"",
                  "timedOut": null,
                  "duration": 885,
                  "state": "passed",
                  "speed": "slow",
                  "pass": true,
                  "fail": false,
                  "pending": false,
                  "context": null,
                  "code": "var stub = cy.stub();\ncy.on('window:alert', stub);\ncy.get(\"\".concat(TRYBEWARTS_LOGIN_FORM_SELECTOR, \" input:nth-child(1)\")).type('tryber@teste.com');\ncy.get(\"\".concat(TRYBEWARTS_LOGIN_FORM_SELECTOR, \" input:nth-child(2)\")).type('123456');\ncy.get(\"\".concat(TRYBEWARTS_LOGIN_FORM_SELECTOR, \" button\")).click().then(function () {\n  expect(stub.getCall(0)).to.be.calledWith('Olá, Tryber!');\n});",
                  "err": {},
                  "uuid": "bfc42e2b-5d34-47cc-bb39-cb11544d9e1d",
                  "parentUUID": "c330847b-d332-49ce-bf5a-fd18e23f46e8",
                  "isHook": false,
                  "skipped": false
                }
              ],
              "suites": [],
              "passes": [
                "e65cb4fd-b571-4ade-8cb1-1be2e5412963",
                "5747344f-83b9-4de3-a3be-bf2151b71fb1",
                "1b1f0e86-0a93-45a9-bb30-7c02c1acd15a",
                "567e3712-088b-47d8-94c9-7388e8223bc3",
                "de565c61-00e5-411f-84f5-66285350375a",
                "50db4a5f-ef6b-4201-9a86-3862226d10ca",
                "bfc42e2b-5d34-47cc-bb39-cb11544d9e1d"
              ],
              "failures": [],
              "pending": [],
              "skipped": [],
              "duration": 2084,
              "root": false,
              "rootEmpty": false,
              "_timeout": 2000
            },
            {
              "uuid": "e16f5071-7bc1-4b83-83c8-dc7c4e8aaa5e",
              "title": "4 - Crie um título com o texto 'Trybewarts' centralizado dentro do 'Header'",
              "fullFile": "",
              "file": "",
              "beforeHooks": [],
              "afterHooks": [],
              "tests": [
                {
                  "title": "Deve existir um elemento h1 com o id trybewarts-header-title",
                  "fullTitle": "Trybewarts 4 - Crie um título com o texto 'Trybewarts' centralizado dentro do 'Header' Deve existir um elemento h1 com o id trybewarts-header-title",
                  "timedOut": null,
                  "duration": 77,
                  "state": "passed",
                  "speed": "slow",
                  "pass": true,
                  "fail": false,
                  "pending": false,
                  "context": null,
                  "code": "cy.get(TRYBEWARTS_HEADER_TITLE).should('exist');",
                  "err": {},
                  "uuid": "1933cf3b-de00-4c6a-89ce-cd7b443e2031",
                  "parentUUID": "e16f5071-7bc1-4b83-83c8-dc7c4e8aaa5e",
                  "isHook": false,
                  "skipped": false
                },
                {
                  "title": "O elemento deve possuir o texto \"Trybewarts\"",
                  "fullTitle": "Trybewarts 4 - Crie um título com o texto 'Trybewarts' centralizado dentro do 'Header' O elemento deve possuir o texto \"Trybewarts\"",
                  "timedOut": null,
                  "duration": 103,
                  "state": "passed",
                  "speed": "slow",
                  "pass": true,
                  "fail": false,
                  "pending": false,
                  "context": null,
                  "code": "cy.get(TRYBEWARTS_HEADER_TITLE).should('have.text', 'Trybewarts');",
                  "err": {},
                  "uuid": "21c3f8fe-3234-42c3-8d1c-e99748d175f3",
                  "parentUUID": "e16f5071-7bc1-4b83-83c8-dc7c4e8aaa5e",
                  "isHook": false,
                  "skipped": false
                },
                {
                  "title": "O header deve ter exatamente três elementos filhos",
                  "fullTitle": "Trybewarts 4 - Crie um título com o texto 'Trybewarts' centralizado dentro do 'Header' O header deve ter exatamente três elementos filhos",
                  "timedOut": null,
                  "duration": 79,
                  "state": "passed",
                  "speed": "slow",
                  "pass": true,
                  "fail": false,
                  "pending": false,
                  "context": null,
                  "code": "cy.get(TOP_BAR_SELECTOR).children().should('have.length', 3);",
                  "err": {},
                  "uuid": "fdc4f992-1c02-41dd-8d58-701952256274",
                  "parentUUID": "e16f5071-7bc1-4b83-83c8-dc7c4e8aaa5e",
                  "isHook": false,
                  "skipped": false
                },
                {
                  "title": "O filho do meio deve ser o título",
                  "fullTitle": "Trybewarts 4 - Crie um título com o texto 'Trybewarts' centralizado dentro do 'Header' O filho do meio deve ser o título",
                  "timedOut": null,
                  "duration": 139,
                  "state": "passed",
                  "speed": "slow",
                  "pass": true,
                  "fail": false,
                  "pending": false,
                  "context": null,
                  "code": "cy.get(TOP_BAR_SELECTOR).children().eq(1).should('match', TRYBEWARTS_HEADER_TITLE);",
                  "err": {},
                  "uuid": "72fed944-f563-4d2d-8f77-21283a48489e",
                  "parentUUID": "e16f5071-7bc1-4b83-83c8-dc7c4e8aaa5e",
                  "isHook": false,
                  "skipped": false
                }
              ],
              "suites": [],
              "passes": [
                "1933cf3b-de00-4c6a-89ce-cd7b443e2031",
                "21c3f8fe-3234-42c3-8d1c-e99748d175f3",
                "fdc4f992-1c02-41dd-8d58-701952256274",
                "72fed944-f563-4d2d-8f77-21283a48489e"
              ],
              "failures": [],
              "pending": [],
              "skipped": [],
              "duration": 398,
              "root": false,
              "rootEmpty": false,
              "_timeout": 2000
            },
            {
              "uuid": "05e9bb30-3946-4b11-a48b-6a6dedcc2288",
              "title": "5 - Adicione um formulário no corpo da página, posicionado ao lado esquerdo",
              "fullFile": "",
              "file": "",
              "beforeHooks": [],
              "afterHooks": [],
              "tests": [
                {
                  "title": "Deve existir um formulário com o id `evaluation-form`",
                  "fullTitle": "Trybewarts 5 - Adicione um formulário no corpo da página, posicionado ao lado esquerdo Deve existir um formulário com o id `evaluation-form`",
                  "timedOut": null,
                  "duration": 120,
                  "state": "passed",
                  "speed": "slow",
                  "pass": true,
                  "fail": false,
                  "pending": false,
                  "context": null,
                  "code": "cy.get(EVALUATION_FORM).should('exist');",
                  "err": {},
                  "uuid": "b0afb78f-0d9c-4393-9ea6-13c409184f28",
                  "parentUUID": "05e9bb30-3946-4b11-a48b-6a6dedcc2288",
                  "isHook": false,
                  "skipped": false
                },
                {
                  "title": "O formulário deve estar inserido na tag `main` do HTML",
                  "fullTitle": "Trybewarts 5 - Adicione um formulário no corpo da página, posicionado ao lado esquerdo O formulário deve estar inserido na tag `main` do HTML",
                  "timedOut": null,
                  "duration": 132,
                  "state": "passed",
                  "speed": "slow",
                  "pass": true,
                  "fail": false,
                  "pending": false,
                  "context": null,
                  "code": "cy.get('main').children().eq(0).should('match', EVALUATION_FORM);",
                  "err": {},
                  "uuid": "c3f3032f-4836-4d1a-ac5a-0089cd7c8f1b",
                  "parentUUID": "05e9bb30-3946-4b11-a48b-6a6dedcc2288",
                  "isHook": false,
                  "skipped": false
                },
                {
                  "title": "Tanto o formulário quanto o `main` devem ser flex containers",
                  "fullTitle": "Trybewarts 5 - Adicione um formulário no corpo da página, posicionado ao lado esquerdo Tanto o formulário quanto o `main` devem ser flex containers",
                  "timedOut": null,
                  "duration": 130,
                  "state": "passed",
                  "speed": "slow",
                  "pass": true,
                  "fail": false,
                  "pending": false,
                  "context": null,
                  "code": "cy.get('main').should('have.css', 'display', 'flex');\ncy.get(EVALUATION_FORM).should('have.css', 'display', 'flex');",
                  "err": {},
                  "uuid": "169750b6-c5ee-43a9-902a-4d4daf005bdb",
                  "parentUUID": "05e9bb30-3946-4b11-a48b-6a6dedcc2288",
                  "isHook": false,
                  "skipped": false
                },
                {
                  "title": "O formulário deve ter uma largura de 675px",
                  "fullTitle": "Trybewarts 5 - Adicione um formulário no corpo da página, posicionado ao lado esquerdo O formulário deve ter uma largura de 675px",
                  "timedOut": null,
                  "duration": 134,
                  "state": "passed",
                  "speed": "slow",
                  "pass": true,
                  "fail": false,
                  "pending": false,
                  "context": null,
                  "code": "cy.get(EVALUATION_FORM).should('have.css', 'width', '675px');",
                  "err": {},
                  "uuid": "2c4809d6-8e63-465b-8420-a4306bef46a2",
                  "parentUUID": "05e9bb30-3946-4b11-a48b-6a6dedcc2288",
                  "isHook": false,
                  "skipped": false
                }
              ],
              "suites": [],
              "passes": [
                "b0afb78f-0d9c-4393-9ea6-13c409184f28",
                "c3f3032f-4836-4d1a-ac5a-0089cd7c8f1b",
                "169750b6-c5ee-43a9-902a-4d4daf005bdb",
                "2c4809d6-8e63-465b-8420-a4306bef46a2"
              ],
              "failures": [],
              "pending": [],
              "skipped": [],
              "duration": 516,
              "root": false,
              "rootEmpty": false,
              "_timeout": 2000
            },
            {
              "uuid": "aae8e812-5e88-4b27-bfb6-45cea712e353",
              "title": "6 - Crie um id para o formulário do requisito 5",
              "fullFile": "",
              "file": "",
              "beforeHooks": [],
              "afterHooks": [],
              "tests": [
                {
                  "title": "Esse id deverá se chamar `evaluation-form`",
                  "fullTitle": "Trybewarts 6 - Crie um id para o formulário do requisito 5 Esse id deverá se chamar `evaluation-form`",
                  "timedOut": null,
                  "duration": 130,
                  "state": "passed",
                  "speed": "slow",
                  "pass": true,
                  "fail": false,
                  "pending": false,
                  "context": null,
                  "code": "cy.get('#evaluation-form').should('exist');",
                  "err": {},
                  "uuid": "7809bab6-ad7f-4dff-abb1-5ba86907e42e",
                  "parentUUID": "aae8e812-5e88-4b27-bfb6-45cea712e353",
                  "isHook": false,
                  "skipped": false
                },
                {
                  "title": "Esse id deverá possuir a propriedade `display: flex`",
                  "fullTitle": "Trybewarts 6 - Crie um id para o formulário do requisito 5 Esse id deverá possuir a propriedade `display: flex`",
                  "timedOut": null,
                  "duration": 154,
                  "state": "passed",
                  "speed": "slow",
                  "pass": true,
                  "fail": false,
                  "pending": false,
                  "context": null,
                  "code": "cy.get('#evaluation-form').should('have.css', 'display', 'flex');",
                  "err": {},
                  "uuid": "99e5c6b7-a703-4748-97c7-2658a05af692",
                  "parentUUID": "aae8e812-5e88-4b27-bfb6-45cea712e353",
                  "isHook": false,
                  "skipped": false
                },
                {
                  "title": "Alinhe o eixo principal dessa classe para ser o eixo vertical",
                  "fullTitle": "Trybewarts 6 - Crie um id para o formulário do requisito 5 Alinhe o eixo principal dessa classe para ser o eixo vertical",
                  "timedOut": null,
                  "duration": 244,
                  "state": "passed",
                  "speed": "slow",
                  "pass": true,
                  "fail": false,
                  "pending": false,
                  "context": null,
                  "code": "cy.get('#evaluation-form').should('have.css', 'flex-direction', 'column');",
                  "err": {},
                  "uuid": "73f2249b-d2c9-4887-b666-6949551ab0bd",
                  "parentUUID": "aae8e812-5e88-4b27-bfb6-45cea712e353",
                  "isHook": false,
                  "skipped": false
                }
              ],
              "suites": [],
              "passes": [
                "7809bab6-ad7f-4dff-abb1-5ba86907e42e",
                "99e5c6b7-a703-4748-97c7-2658a05af692",
                "73f2249b-d2c9-4887-b666-6949551ab0bd"
              ],
              "failures": [],
              "pending": [],
              "skipped": [],
              "duration": 528,
              "root": false,
              "rootEmpty": false,
              "_timeout": 2000
            },
            {
              "uuid": "8d9da510-3a63-4eb5-9f1d-926b47ec2668",
              "title": "7 - Adicione a logo da Trybewarts no lado direito da página",
              "fullFile": "",
              "file": "",
              "beforeHooks": [],
              "afterHooks": [],
              "tests": [
                {
                  "title": "Deve possuir o id trybewarts-forms-logo",
                  "fullTitle": "Trybewarts 7 - Adicione a logo da Trybewarts no lado direito da página Deve possuir o id trybewarts-forms-logo",
                  "timedOut": null,
                  "duration": 132,
                  "state": "passed",
                  "speed": "slow",
                  "pass": true,
                  "fail": false,
                  "pending": false,
                  "context": null,
                  "code": "cy.get(TRYBEWARTS_LOGO_FORMS_SELECTOR).should('exist');",
                  "err": {},
                  "uuid": "9849fc31-4af2-4fdd-9af0-cb33f3ab777e",
                  "parentUUID": "8d9da510-3a63-4eb5-9f1d-926b47ec2668",
                  "isHook": false,
                  "skipped": false
                },
                {
                  "title": "O atributo `src` do logotipo deve apontar para `images/trybewarts-colored.svg`",
                  "fullTitle": "Trybewarts 7 - Adicione a logo da Trybewarts no lado direito da página O atributo `src` do logotipo deve apontar para `images/trybewarts-colored.svg`",
                  "timedOut": null,
                  "duration": 120,
                  "state": "passed",
                  "speed": "slow",
                  "pass": true,
                  "fail": false,
                  "pending": false,
                  "context": null,
                  "code": "cy.get(TRYBEWARTS_LOGO_FORMS_SELECTOR).should('have.attr', 'src').should('equal', 'images/trybewarts-colored.svg');",
                  "err": {},
                  "uuid": "b3a4c0bc-d161-43d9-9824-bc588fdbc46a",
                  "parentUUID": "8d9da510-3a63-4eb5-9f1d-926b47ec2668",
                  "isHook": false,
                  "skipped": false
                }
              ],
              "suites": [],
              "passes": [
                "9849fc31-4af2-4fdd-9af0-cb33f3ab777e",
                "b3a4c0bc-d161-43d9-9824-bc588fdbc46a"
              ],
              "failures": [],
              "pending": [],
              "skipped": [],
              "duration": 252,
              "root": false,
              "rootEmpty": false,
              "_timeout": 2000
            },
            {
              "uuid": "becb7659-a429-43f6-93bd-e3e014da7aa0",
              "title": "8 - Acrescente no formulário os inputs de 'Nome:', 'Sobrenome:' e 'Email:'",
              "fullFile": "",
              "file": "",
              "beforeHooks": [],
              "afterHooks": [],
              "tests": [
                {
                  "title": "Inputs de Nome, Sobrenome e Email deverão ser criados",
                  "fullTitle": "Trybewarts 8 - Acrescente no formulário os inputs de 'Nome:', 'Sobrenome:' e 'Email:' Inputs de Nome, Sobrenome e Email deverão ser criados",
                  "timedOut": null,
                  "duration": 134,
                  "state": "passed",
                  "speed": "slow",
                  "pass": true,
                  "fail": false,
                  "pending": false,
                  "context": null,
                  "code": "cy.get(USER_NAME_INPUT_SELECTOR).should('exist');\ncy.get(USER_LASTNAME_INPUT_SELECTOR).should('exist');\ncy.get(USER_EMAIL_INPUT_SELECTOR).should('exist');",
                  "err": {},
                  "uuid": "122e7c02-4369-4c53-b9b1-7366b272df75",
                  "parentUUID": "becb7659-a429-43f6-93bd-e3e014da7aa0",
                  "isHook": false,
                  "skipped": false
                },
                {
                  "title": "Os inputs deverão conter um placeholder com Nome, Sobrenome e Email em seus respectivos campos",
                  "fullTitle": "Trybewarts 8 - Acrescente no formulário os inputs de 'Nome:', 'Sobrenome:' e 'Email:' Os inputs deverão conter um placeholder com Nome, Sobrenome e Email em seus respectivos campos",
                  "timedOut": null,
                  "duration": 140,
                  "state": "passed",
                  "speed": "slow",
                  "pass": true,
                  "fail": false,
                  "pending": false,
                  "context": null,
                  "code": "cy.get(USER_NAME_INPUT_SELECTOR).should('have.attr', 'placeholder', 'Nome');\ncy.get(USER_LASTNAME_INPUT_SELECTOR).should('have.attr', 'placeholder', 'Sobrenome');\ncy.get(USER_EMAIL_INPUT_SELECTOR).should('have.attr', 'placeholder', 'Email');",
                  "err": {},
                  "uuid": "2d553187-614e-464a-ae1c-f7286ebace25",
                  "parentUUID": "becb7659-a429-43f6-93bd-e3e014da7aa0",
                  "isHook": false,
                  "skipped": false
                }
              ],
              "suites": [],
              "passes": [
                "122e7c02-4369-4c53-b9b1-7366b272df75",
                "2d553187-614e-464a-ae1c-f7286ebace25"
              ],
              "failures": [],
              "pending": [],
              "skipped": [],
              "duration": 274,
              "root": false,
              "rootEmpty": false,
              "_timeout": 2000
            },
            {
              "uuid": "febdae46-7fc5-4092-ad7d-639212c42beb",
              "title": "9 - Crie um select 'Casa' contendo quatro options",
              "fullFile": "",
              "file": "",
              "beforeHooks": [],
              "afterHooks": [],
              "tests": [
                {
                  "title": "Deverá conter a opção `Gitnória`",
                  "fullTitle": "Trybewarts 9 - Crie um select 'Casa' contendo quatro options Deverá conter a opção `Gitnória`",
                  "timedOut": null,
                  "duration": 124,
                  "state": "passed",
                  "speed": "slow",
                  "pass": true,
                  "fail": false,
                  "pending": false,
                  "context": null,
                  "code": "cy.get(\"#gitnoria-house\").should('exist');",
                  "err": {},
                  "uuid": "84114560-6dae-4b56-9ef5-473bb55d4969",
                  "parentUUID": "febdae46-7fc5-4092-ad7d-639212c42beb",
                  "isHook": false,
                  "skipped": false
                },
                {
                  "title": "Deverá conter a opção `Reactpuff`",
                  "fullTitle": "Trybewarts 9 - Crie um select 'Casa' contendo quatro options Deverá conter a opção `Reactpuff`",
                  "timedOut": null,
                  "duration": 135,
                  "state": "passed",
                  "speed": "slow",
                  "pass": true,
                  "fail": false,
                  "pending": false,
                  "context": null,
                  "code": "cy.get(\"#reactpuff-house\").should('exist');",
                  "err": {},
                  "uuid": "7431949c-a73d-4f7d-aae8-e457ec065a9e",
                  "parentUUID": "febdae46-7fc5-4092-ad7d-639212c42beb",
                  "isHook": false,
                  "skipped": false
                },
                {
                  "title": "Deverá conter a opção ``Corvinode``",
                  "fullTitle": "Trybewarts 9 - Crie um select 'Casa' contendo quatro options Deverá conter a opção ``Corvinode``",
                  "timedOut": null,
                  "duration": 126,
                  "state": "passed",
                  "speed": "slow",
                  "pass": true,
                  "fail": false,
                  "pending": false,
                  "context": null,
                  "code": "cy.get(\"#corvinode-house\").should('exist');",
                  "err": {},
                  "uuid": "3d1fbc81-f294-4408-b087-c96970446dbf",
                  "parentUUID": "febdae46-7fc5-4092-ad7d-639212c42beb",
                  "isHook": false,
                  "skipped": false
                },
                {
                  "title": "Deverá conter a opção ``Pytherina``",
                  "fullTitle": "Trybewarts 9 - Crie um select 'Casa' contendo quatro options Deverá conter a opção ``Pytherina``",
                  "timedOut": null,
                  "duration": 130,
                  "state": "passed",
                  "speed": "slow",
                  "pass": true,
                  "fail": false,
                  "pending": false,
                  "context": null,
                  "code": "cy.get(\"#pytherina-house\").should('exist');",
                  "err": {},
                  "uuid": "13c5d375-37f4-4c4c-b5bc-262816f50ea9",
                  "parentUUID": "febdae46-7fc5-4092-ad7d-639212c42beb",
                  "isHook": false,
                  "skipped": false
                }
              ],
              "suites": [],
              "passes": [
                "84114560-6dae-4b56-9ef5-473bb55d4969",
                "7431949c-a73d-4f7d-aae8-e457ec065a9e",
                "3d1fbc81-f294-4408-b087-c96970446dbf",
                "13c5d375-37f4-4c4c-b5bc-262816f50ea9"
              ],
              "failures": [],
              "pending": [],
              "skipped": [],
              "duration": 515,
              "root": false,
              "rootEmpty": false,
              "_timeout": 2000
            },
            {
              "uuid": "7779265a-87b8-4576-863d-316d6fffedd3",
              "title": "10 - Alinhe os campos de 'Nome' e 'Sobrenome' para que fiquem em linha",
              "fullFile": "",
              "file": "",
              "beforeHooks": [],
              "afterHooks": [],
              "tests": [
                {
                  "title": "Os campos de Nome e Sobrenome devem estar lado a lado",
                  "fullTitle": "Trybewarts 10 - Alinhe os campos de 'Nome' e 'Sobrenome' para que fiquem em linha Os campos de Nome e Sobrenome devem estar lado a lado",
                  "timedOut": null,
                  "duration": 137,
                  "state": "passed",
                  "speed": "slow",
                  "pass": true,
                  "fail": false,
                  "pending": false,
                  "context": null,
                  "code": "cy.get(USER_NAME_INPUT_SELECTOR);\ncy.get(USER_LASTNAME_INPUT_SELECTOR);\ncheckIsRightOf(USER_NAME_INPUT_SELECTOR, USER_LASTNAME_INPUT_SELECTOR);",
                  "err": {},
                  "uuid": "ac6976b3-ea5b-4bea-afb1-eb7aed7d894e",
                  "parentUUID": "7779265a-87b8-4576-863d-316d6fffedd3",
                  "isHook": false,
                  "skipped": false
                }
              ],
              "suites": [],
              "passes": [
                "ac6976b3-ea5b-4bea-afb1-eb7aed7d894e"
              ],
              "failures": [],
              "pending": [],
              "skipped": [],
              "duration": 137,
              "root": false,
              "rootEmpty": false,
              "_timeout": 2000
            },
            {
              "uuid": "8e1489fb-c7d3-4f85-8237-df568447a57c",
              "title": "11 - Alinhe os campos de 'Email' e 'Casa' para que fiquem em linha",
              "fullFile": "",
              "file": "",
              "beforeHooks": [],
              "afterHooks": [],
              "tests": [
                {
                  "title": "Os campos de Email e Casa devem estar lado a lado",
                  "fullTitle": "Trybewarts 11 - Alinhe os campos de 'Email' e 'Casa' para que fiquem em linha Os campos de Email e Casa devem estar lado a lado",
                  "timedOut": null,
                  "duration": 123,
                  "state": "passed",
                  "speed": "slow",
                  "pass": true,
                  "fail": false,
                  "pending": false,
                  "context": null,
                  "code": "checkIsRightOf('#input-email', '#house');",
                  "err": {},
                  "uuid": "0bda5878-2581-4888-acb1-655643ab85c7",
                  "parentUUID": "8e1489fb-c7d3-4f85-8237-df568447a57c",
                  "isHook": false,
                  "skipped": false
                }
              ],
              "suites": [],
              "passes": [
                "0bda5878-2581-4888-acb1-655643ab85c7"
              ],
              "failures": [],
              "pending": [],
              "skipped": [],
              "duration": 123,
              "root": false,
              "rootEmpty": false,
              "_timeout": 2000
            },
            {
              "uuid": "6e36b887-7da3-4ce1-9165-470ff28e2465",
              "title": "12 - Crie um campo de entrada para qual família a pessoa estudante se identifica",
              "fullFile": "",
              "file": "",
              "beforeHooks": [],
              "afterHooks": [],
              "tests": [
                {
                  "title": "Um elemento com o id \"label-family\" e o texto \"Qual sua família?\" deverá ser criado",
                  "fullTitle": "Trybewarts 12 - Crie um campo de entrada para qual família a pessoa estudante se identifica Um elemento com o id \"label-family\" e o texto \"Qual sua família?\" deverá ser criado",
                  "timedOut": null,
                  "duration": 140,
                  "state": "passed",
                  "speed": "slow",
                  "pass": true,
                  "fail": false,
                  "pending": false,
                  "context": null,
                  "code": "cy.get('#label-family').contains(LABEL_FAMILY_TEXT);",
                  "err": {},
                  "uuid": "e6219d92-df39-4118-8d4d-adbfa5c38953",
                  "parentUUID": "6e36b887-7da3-4ce1-9165-470ff28e2465",
                  "isHook": false,
                  "skipped": false
                },
                {
                  "title": "O campo deve ser formado por três radio buttons com os valores \"Frontend\", \"Backend\" e \"FullStack\" - Frontend",
                  "fullTitle": "Trybewarts 12 - Crie um campo de entrada para qual família a pessoa estudante se identifica O campo deve ser formado por três radio buttons com os valores \"Frontend\", \"Backend\" e \"FullStack\" - Frontend",
                  "timedOut": null,
                  "duration": 123,
                  "state": "passed",
                  "speed": "slow",
                  "pass": true,
                  "fail": false,
                  "pending": false,
                  "context": null,
                  "code": "cy.get('input[value=\"Frontend\"]').should('exist');",
                  "err": {},
                  "uuid": "b3103568-b32e-4d24-a3fc-563dd8532372",
                  "parentUUID": "6e36b887-7da3-4ce1-9165-470ff28e2465",
                  "isHook": false,
                  "skipped": false
                },
                {
                  "title": "O campo deve ser formado por três radio buttons com os valores \"Frontend\", \"Backend\" e \"FullStack\" - Backend",
                  "fullTitle": "Trybewarts 12 - Crie um campo de entrada para qual família a pessoa estudante se identifica O campo deve ser formado por três radio buttons com os valores \"Frontend\", \"Backend\" e \"FullStack\" - Backend",
                  "timedOut": null,
                  "duration": 165,
                  "state": "passed",
                  "speed": "slow",
                  "pass": true,
                  "fail": false,
                  "pending": false,
                  "context": null,
                  "code": "cy.get('input[value=\"Backend\"]').should('exist');",
                  "err": {},
                  "uuid": "3c0d8918-55d3-4b9e-8e42-4e236a960d6a",
                  "parentUUID": "6e36b887-7da3-4ce1-9165-470ff28e2465",
                  "isHook": false,
                  "skipped": false
                },
                {
                  "title": "O campo deve ser formado por três radio buttons com os valores \"Frontend\", \"Backend\" e \"FullStack\" - FullStack",
                  "fullTitle": "Trybewarts 12 - Crie um campo de entrada para qual família a pessoa estudante se identifica O campo deve ser formado por três radio buttons com os valores \"Frontend\", \"Backend\" e \"FullStack\" - FullStack",
                  "timedOut": null,
                  "duration": 131,
                  "state": "passed",
                  "speed": "slow",
                  "pass": true,
                  "fail": false,
                  "pending": false,
                  "context": null,
                  "code": "cy.get('input[value=\"FullStack\"]').should('exist');",
                  "err": {},
                  "uuid": "518c65db-4a45-40be-8113-7681890f44c5",
                  "parentUUID": "6e36b887-7da3-4ce1-9165-470ff28e2465",
                  "isHook": false,
                  "skipped": false
                },
                {
                  "title": "Os radio buttons devem ter o atributo name com o valor \"family\"",
                  "fullTitle": "Trybewarts 12 - Crie um campo de entrada para qual família a pessoa estudante se identifica Os radio buttons devem ter o atributo name com o valor \"family\"",
                  "timedOut": null,
                  "duration": 129,
                  "state": "passed",
                  "speed": "slow",
                  "pass": true,
                  "fail": false,
                  "pending": false,
                  "context": null,
                  "code": "cy.get('input[name=\"family\"]').then(function (arr) {\n  return expect(arr.length).to.equal(3);\n});",
                  "err": {},
                  "uuid": "e80ebbb4-0775-4a96-9c72-62dfcef956a8",
                  "parentUUID": "6e36b887-7da3-4ce1-9165-470ff28e2465",
                  "isHook": false,
                  "skipped": false
                },
                {
                  "title": "Posicione os radio buttons para ficar abaixo um do outro",
                  "fullTitle": "Trybewarts 12 - Crie um campo de entrada para qual família a pessoa estudante se identifica Posicione os radio buttons para ficar abaixo um do outro",
                  "timedOut": null,
                  "duration": 125,
                  "state": "passed",
                  "speed": "slow",
                  "pass": true,
                  "fail": false,
                  "pending": false,
                  "context": null,
                  "code": "checkIsBelowOf('input[value=\"Frontend\"]', 'input[value=\"Backend\"]');\ncheckIsBelowOf('input[value=\"Backend\"]', 'input[value=\"FullStack\"]');",
                  "err": {},
                  "uuid": "547e4a13-2f76-4c0b-a421-828c3a747ee9",
                  "parentUUID": "6e36b887-7da3-4ce1-9165-470ff28e2465",
                  "isHook": false,
                  "skipped": false
                },
                {
                  "title": "Posicione os radio buttons abaixo do label",
                  "fullTitle": "Trybewarts 12 - Crie um campo de entrada para qual família a pessoa estudante se identifica Posicione os radio buttons abaixo do label",
                  "timedOut": null,
                  "duration": 124,
                  "state": "passed",
                  "speed": "slow",
                  "pass": true,
                  "fail": false,
                  "pending": false,
                  "context": null,
                  "code": "checkIsBelowOf('#label-family', 'input[value=\"Frontend\"]');",
                  "err": {},
                  "uuid": "53d989e1-eeb5-47d9-8ddf-f5317201bdc9",
                  "parentUUID": "6e36b887-7da3-4ce1-9165-470ff28e2465",
                  "isHook": false,
                  "skipped": false
                }
              ],
              "suites": [],
              "passes": [
                "e6219d92-df39-4118-8d4d-adbfa5c38953",
                "b3103568-b32e-4d24-a3fc-563dd8532372",
                "3c0d8918-55d3-4b9e-8e42-4e236a960d6a",
                "518c65db-4a45-40be-8113-7681890f44c5",
                "e80ebbb4-0775-4a96-9c72-62dfcef956a8",
                "547e4a13-2f76-4c0b-a421-828c3a747ee9",
                "53d989e1-eeb5-47d9-8ddf-f5317201bdc9"
              ],
              "failures": [],
              "pending": [],
              "skipped": [],
              "duration": 937,
              "root": false,
              "rootEmpty": false,
              "_timeout": 2000
            },
            {
              "uuid": "cce1de69-ef30-466d-8d16-f232b99454cd",
              "title": "13 - Crie campos de entrada do tipo 'checkbox' contendo seis opções",
              "fullFile": "",
              "file": "",
              "beforeHooks": [],
              "afterHooks": [],
              "tests": [
                {
                  "title": "Um elemento com o id \"label-content\" e o texto \"Qual conteúdo você está com mais vontade de aprender?\" deverá ser criado",
                  "fullTitle": "Trybewarts 13 - Crie campos de entrada do tipo 'checkbox' contendo seis opções Um elemento com o id \"label-content\" e o texto \"Qual conteúdo você está com mais vontade de aprender?\" deverá ser criado",
                  "timedOut": null,
                  "duration": 147,
                  "state": "passed",
                  "speed": "slow",
                  "pass": true,
                  "fail": false,
                  "pending": false,
                  "context": null,
                  "code": "cy.get('#label-content').contains(LABEL_CONTENT_TEXT);",
                  "err": {},
                  "uuid": "5d11397a-3a6b-446d-802c-e5bcb31f060b",
                  "parentUUID": "cce1de69-ef30-466d-8d16-f232b99454cd",
                  "isHook": false,
                  "skipped": false
                },
                {
                  "title": "Campo HoFs",
                  "fullTitle": "Trybewarts 13 - Crie campos de entrada do tipo 'checkbox' contendo seis opções Campo HoFs",
                  "timedOut": null,
                  "duration": 118,
                  "state": "passed",
                  "speed": "slow",
                  "pass": true,
                  "fail": false,
                  "pending": false,
                  "context": null,
                  "code": "cy.get('input[value=\"HoFs\"]').should('exist');",
                  "err": {},
                  "uuid": "54edb476-2b63-43e1-b38d-51d91834ac5f",
                  "parentUUID": "cce1de69-ef30-466d-8d16-f232b99454cd",
                  "isHook": false,
                  "skipped": false
                },
                {
                  "title": "Campo Jest",
                  "fullTitle": "Trybewarts 13 - Crie campos de entrada do tipo 'checkbox' contendo seis opções Campo Jest",
                  "timedOut": null,
                  "duration": 122,
                  "state": "passed",
                  "speed": "slow",
                  "pass": true,
                  "fail": false,
                  "pending": false,
                  "context": null,
                  "code": "cy.get('input[value=\"Jest\"]').should('exist');",
                  "err": {},
                  "uuid": "aab8650e-0b2e-4856-a9bf-4f55c146ceeb",
                  "parentUUID": "cce1de69-ef30-466d-8d16-f232b99454cd",
                  "isHook": false,
                  "skipped": false
                },
                {
                  "title": "Campo Promises",
                  "fullTitle": "Trybewarts 13 - Crie campos de entrada do tipo 'checkbox' contendo seis opções Campo Promises",
                  "timedOut": null,
                  "duration": 124,
                  "state": "passed",
                  "speed": "slow",
                  "pass": true,
                  "fail": false,
                  "pending": false,
                  "context": null,
                  "code": "cy.get('input[value=\"Promises\"]').should('exist');",
                  "err": {},
                  "uuid": "1fd39c5b-02d4-461f-a3dc-3847e0f10b0a",
                  "parentUUID": "cce1de69-ef30-466d-8d16-f232b99454cd",
                  "isHook": false,
                  "skipped": false
                },
                {
                  "title": "Campo React",
                  "fullTitle": "Trybewarts 13 - Crie campos de entrada do tipo 'checkbox' contendo seis opções Campo React",
                  "timedOut": null,
                  "duration": 128,
                  "state": "passed",
                  "speed": "slow",
                  "pass": true,
                  "fail": false,
                  "pending": false,
                  "context": null,
                  "code": "cy.get('input[value=\"React\"]').should('exist');",
                  "err": {},
                  "uuid": "1103abcf-2cd1-4e35-8f9f-4eea1a51fd20",
                  "parentUUID": "cce1de69-ef30-466d-8d16-f232b99454cd",
                  "isHook": false,
                  "skipped": false
                },
                {
                  "title": "Campo SQL",
                  "fullTitle": "Trybewarts 13 - Crie campos de entrada do tipo 'checkbox' contendo seis opções Campo SQL",
                  "timedOut": null,
                  "duration": 117,
                  "state": "passed",
                  "speed": "slow",
                  "pass": true,
                  "fail": false,
                  "pending": false,
                  "context": null,
                  "code": "cy.get('input[value=\"SQL\"]').should('exist');",
                  "err": {},
                  "uuid": "a28aa1e1-354b-4420-8f7d-2927e16b13a6",
                  "parentUUID": "cce1de69-ef30-466d-8d16-f232b99454cd",
                  "isHook": false,
                  "skipped": false
                },
                {
                  "title": "Campo Python",
                  "fullTitle": "Trybewarts 13 - Crie campos de entrada do tipo 'checkbox' contendo seis opções Campo Python",
                  "timedOut": null,
                  "duration": 129,
                  "state": "passed",
                  "speed": "slow",
                  "pass": true,
                  "fail": false,
                  "pending": false,
                  "context": null,
                  "code": "cy.get('input[value=\"Python\"]').should('exist');",
                  "err": {},
                  "uuid": "7fdbb532-9c91-44a9-b206-f6a297ca697c",
                  "parentUUID": "cce1de69-ef30-466d-8d16-f232b99454cd",
                  "isHook": false,
                  "skipped": false
                },
                {
                  "title": "Posicione os checkbox abaixo do label",
                  "fullTitle": "Trybewarts 13 - Crie campos de entrada do tipo 'checkbox' contendo seis opções Posicione os checkbox abaixo do label",
                  "timedOut": null,
                  "duration": 147,
                  "state": "passed",
                  "speed": "slow",
                  "pass": true,
                  "fail": false,
                  "pending": false,
                  "context": null,
                  "code": "checkIsBelowOf('#label-content', 'input[value=\"HoFs\"]');",
                  "err": {},
                  "uuid": "aa46da67-de5c-4f0c-bbe3-0c6996f8bed1",
                  "parentUUID": "cce1de69-ef30-466d-8d16-f232b99454cd",
                  "isHook": false,
                  "skipped": false
                }
              ],
              "suites": [],
              "passes": [
                "5d11397a-3a6b-446d-802c-e5bcb31f060b",
                "54edb476-2b63-43e1-b38d-51d91834ac5f",
                "aab8650e-0b2e-4856-a9bf-4f55c146ceeb",
                "1fd39c5b-02d4-461f-a3dc-3847e0f10b0a",
                "1103abcf-2cd1-4e35-8f9f-4eea1a51fd20",
                "a28aa1e1-354b-4420-8f7d-2927e16b13a6",
                "7fdbb532-9c91-44a9-b206-f6a297ca697c",
                "aa46da67-de5c-4f0c-bbe3-0c6996f8bed1"
              ],
              "failures": [],
              "pending": [],
              "skipped": [],
              "duration": 1032,
              "root": false,
              "rootEmpty": false,
              "_timeout": 2000
            },
            {
              "uuid": "b1635f8e-b67b-4ecb-92bf-ab25a052a605",
              "title": "14 - Crie campo de entrada para avaliar de 1 a 10 o nível de satisfação com a Trybewarts",
              "fullFile": "",
              "file": "",
              "beforeHooks": [],
              "afterHooks": [],
              "tests": [
                {
                  "title": "Um elemento com o id label-rate e o texto \"Como você avalia a Trybewarts?\" deverá ser criado",
                  "fullTitle": "Trybewarts 14 - Crie campo de entrada para avaliar de 1 a 10 o nível de satisfação com a Trybewarts Um elemento com o id label-rate e o texto \"Como você avalia a Trybewarts?\" deverá ser criado",
                  "timedOut": null,
                  "duration": 138,
                  "state": "passed",
                  "speed": "slow",
                  "pass": true,
                  "fail": false,
                  "pending": false,
                  "context": null,
                  "code": "cy.get('#label-rate').contains(LABEL_RATE_TEXT);",
                  "err": {},
                  "uuid": "3f9f51f7-e7db-40bf-a243-a99ab5f57172",
                  "parentUUID": "b1635f8e-b67b-4ecb-92bf-ab25a052a605",
                  "isHook": false,
                  "skipped": false
                },
                {
                  "title": "O campo deve ser formado por dez radio buttons, contendo as opções de 1 a 10",
                  "fullTitle": "Trybewarts 14 - Crie campo de entrada para avaliar de 1 a 10 o nível de satisfação com a Trybewarts O campo deve ser formado por dez radio buttons, contendo as opções de 1 a 10",
                  "timedOut": null,
                  "duration": 135,
                  "state": "passed",
                  "speed": "slow",
                  "pass": true,
                  "fail": false,
                  "pending": false,
                  "context": null,
                  "code": "cy.get('input[name=\"rate\"]').its('length').should('be.gt', 9);",
                  "err": {},
                  "uuid": "18adde46-beb5-4c66-ac74-ffa18c43ff3e",
                  "parentUUID": "b1635f8e-b67b-4ecb-92bf-ab25a052a605",
                  "isHook": false,
                  "skipped": false
                },
                {
                  "title": "Posicione os radio buttons à direita do label",
                  "fullTitle": "Trybewarts 14 - Crie campo de entrada para avaliar de 1 a 10 o nível de satisfação com a Trybewarts Posicione os radio buttons à direita do label",
                  "timedOut": null,
                  "duration": 121,
                  "state": "passed",
                  "speed": "slow",
                  "pass": true,
                  "fail": false,
                  "pending": false,
                  "context": null,
                  "code": "checkIsRightOf('#label-rate', 'input[value=\"1\"]');",
                  "err": {},
                  "uuid": "59aa5319-cc89-4417-82ae-ac262f35c747",
                  "parentUUID": "b1635f8e-b67b-4ecb-92bf-ab25a052a605",
                  "isHook": false,
                  "skipped": false
                }
              ],
              "suites": [],
              "passes": [
                "3f9f51f7-e7db-40bf-a243-a99ab5f57172",
                "18adde46-beb5-4c66-ac74-ffa18c43ff3e",
                "59aa5319-cc89-4417-82ae-ac262f35c747"
              ],
              "failures": [],
              "pending": [],
              "skipped": [],
              "duration": 394,
              "root": false,
              "rootEmpty": false,
              "_timeout": 2000
            },
            {
              "uuid": "8619a8a7-15dc-4803-aeb3-39ebdc43046e",
              "title": "15 - Crie uma textarea com o id 'textarea' e uma label com a classe 'textarea' contendo o número máximo de caracteres igual à 500",
              "fullFile": "",
              "file": "",
              "beforeHooks": [],
              "afterHooks": [],
              "tests": [
                {
                  "title": "Uma label com a classe textarea e o texto \"Deixe seu comentário:\" deverá ser criado\" ",
                  "fullTitle": "Trybewarts 15 - Crie uma textarea com o id 'textarea' e uma label com a classe 'textarea' contendo o número máximo de caracteres igual à 500 Uma label com a classe textarea e o texto \"Deixe seu comentário:\" deverá ser criado\" ",
                  "timedOut": null,
                  "duration": 136,
                  "state": "passed",
                  "speed": "slow",
                  "pass": true,
                  "fail": false,
                  "pending": false,
                  "context": null,
                  "code": "cy.get('.textarea').contains(LABEL_TEXTAREA);",
                  "err": {},
                  "uuid": "bab1f879-72e2-472f-88af-3336eedb467c",
                  "parentUUID": "8619a8a7-15dc-4803-aeb3-39ebdc43046e",
                  "isHook": false,
                  "skipped": false
                },
                {
                  "title": "O campo textarea deverá ter o máximo de 500 caracteres",
                  "fullTitle": "Trybewarts 15 - Crie uma textarea com o id 'textarea' e uma label com a classe 'textarea' contendo o número máximo de caracteres igual à 500 O campo textarea deverá ter o máximo de 500 caracteres",
                  "timedOut": null,
                  "duration": 10301,
                  "state": "passed",
                  "speed": "slow",
                  "pass": true,
                  "fail": false,
                  "pending": false,
                  "context": null,
                  "code": "cy.get('textarea').type('text'.repeat(200));\ncy.get('textarea').invoke('val').should(function (value) {\n  expect(value).to.match(/^[a-z]{500}$/);\n});",
                  "err": {},
                  "uuid": "9f2d565d-2b55-4e28-b8d9-fe53c7e5959b",
                  "parentUUID": "8619a8a7-15dc-4803-aeb3-39ebdc43046e",
                  "isHook": false,
                  "skipped": false
                }
              ],
              "suites": [],
              "passes": [
                "bab1f879-72e2-472f-88af-3336eedb467c",
                "9f2d565d-2b55-4e28-b8d9-fe53c7e5959b"
              ],
              "failures": [],
              "pending": [],
              "skipped": [],
              "duration": 10437,
              "root": false,
              "rootEmpty": false,
              "_timeout": 2000
            },
            {
              "uuid": "793c0485-c8d8-41f9-b87a-796eaa9a6764",
              "title": "16 - Crie um campo de entrada do tipo 'checkbox' com o id 'agreement' para validar as informações",
              "fullFile": "",
              "file": "",
              "beforeHooks": [],
              "afterHooks": [],
              "tests": [
                {
                  "title": "Uma label com o id \"label-infos\" deve possuir o texto \"Você concorda com o uso das informações acima?\"",
                  "fullTitle": "Trybewarts 16 - Crie um campo de entrada do tipo 'checkbox' com o id 'agreement' para validar as informações Uma label com o id \"label-infos\" deve possuir o texto \"Você concorda com o uso das informações acima?\"",
                  "timedOut": null,
                  "duration": 113,
                  "state": "passed",
                  "speed": "slow",
                  "pass": true,
                  "fail": false,
                  "pending": false,
                  "context": null,
                  "code": "cy.get(\"label#label-infos\").should('exist').contains('Você concorda com o uso das informações acima?');",
                  "err": {},
                  "uuid": "098aa117-133e-43d6-856d-d4e08d770e90",
                  "parentUUID": "793c0485-c8d8-41f9-b87a-796eaa9a6764",
                  "isHook": false,
                  "skipped": false
                },
                {
                  "title": "Um input do tipo checkbox deve existir e deve possuir o id \"agreement\"",
                  "fullTitle": "Trybewarts 16 - Crie um campo de entrada do tipo 'checkbox' com o id 'agreement' para validar as informações Um input do tipo checkbox deve existir e deve possuir o id \"agreement\"",
                  "timedOut": null,
                  "duration": 70,
                  "state": "passed",
                  "speed": "medium",
                  "pass": true,
                  "fail": false,
                  "pending": false,
                  "context": null,
                  "code": "cy.get('input#agreement[type=\"checkbox\"]').should('exist');",
                  "err": {},
                  "uuid": "e700deb1-b5e9-4a06-9711-6873c3ea107a",
                  "parentUUID": "793c0485-c8d8-41f9-b87a-796eaa9a6764",
                  "isHook": false,
                  "skipped": false
                }
              ],
              "suites": [],
              "passes": [
                "098aa117-133e-43d6-856d-d4e08d770e90",
                "e700deb1-b5e9-4a06-9711-6873c3ea107a"
              ],
              "failures": [],
              "pending": [],
              "skipped": [],
              "duration": 183,
              "root": false,
              "rootEmpty": false,
              "_timeout": 2000
            },
            {
              "uuid": "79334e9d-e03c-4c69-8534-7981cfc4ca4d",
              "title": "17 - Crie um botão de Enviar para submeter o formulário",
              "fullFile": "",
              "file": "",
              "beforeHooks": [],
              "afterHooks": [],
              "tests": [
                {
                  "title": "Deve existir um botão com o id \"submit-btn\" e o texto \"Enviar\"",
                  "fullTitle": "Trybewarts 17 - Crie um botão de Enviar para submeter o formulário Deve existir um botão com o id \"submit-btn\" e o texto \"Enviar\"",
                  "timedOut": null,
                  "duration": 128,
                  "state": "passed",
                  "speed": "slow",
                  "pass": true,
                  "fail": false,
                  "pending": false,
                  "context": null,
                  "code": "cy.get('button#submit-btn[type=\"submit\"]').should('exist').should('have.text', 'Enviar');",
                  "err": {},
                  "uuid": "2c1bd2e9-d89b-4352-943b-2d912761db10",
                  "parentUUID": "79334e9d-e03c-4c69-8534-7981cfc4ca4d",
                  "isHook": false,
                  "skipped": false
                }
              ],
              "suites": [],
              "passes": [
                "2c1bd2e9-d89b-4352-943b-2d912761db10"
              ],
              "failures": [],
              "pending": [],
              "skipped": [],
              "duration": 128,
              "root": false,
              "rootEmpty": false,
              "_timeout": 2000
            },
            {
              "uuid": "7bddd1fd-416d-4cd7-aa10-31a1489078b7",
              "title": "18 - Faça com que o botão 'Enviar' seja habilitado somente após a checkbox do requisito 16 ser selecionada",
              "fullFile": "",
              "file": "",
              "beforeHooks": [],
              "afterHooks": [],
              "tests": [
                {
                  "title": "O botão deve inicialmente estar desabilitado",
                  "fullTitle": "Trybewarts 18 - Faça com que o botão 'Enviar' seja habilitado somente após a checkbox do requisito 16 ser selecionada O botão deve inicialmente estar desabilitado",
                  "timedOut": null,
                  "duration": 76,
                  "state": "passed",
                  "speed": "slow",
                  "pass": true,
                  "fail": false,
                  "pending": false,
                  "context": null,
                  "code": "cy.get('button#submit-btn').should('be.disabled');",
                  "err": {},
                  "uuid": "86ff5606-6463-48f7-983c-e4b3af0688b7",
                  "parentUUID": "7bddd1fd-416d-4cd7-aa10-31a1489078b7",
                  "isHook": false,
                  "skipped": false
                },
                {
                  "title": "Ao marcar o campo de confirmação, o botão de Enviar deve ser habilitado",
                  "fullTitle": "Trybewarts 18 - Faça com que o botão 'Enviar' seja habilitado somente após a checkbox do requisito 16 ser selecionada Ao marcar o campo de confirmação, o botão de Enviar deve ser habilitado",
                  "timedOut": null,
                  "duration": 198,
                  "state": "passed",
                  "speed": "slow",
                  "pass": true,
                  "fail": false,
                  "pending": false,
                  "context": null,
                  "code": "cy.get('input#agreement').check();\ncy.get('button#submit-btn').should('not.be.disabled');",
                  "err": {},
                  "uuid": "55209e97-a8ec-4aa9-8cab-8bdd11d5d6dc",
                  "parentUUID": "7bddd1fd-416d-4cd7-aa10-31a1489078b7",
                  "isHook": false,
                  "skipped": false
                }
              ],
              "suites": [],
              "passes": [
                "86ff5606-6463-48f7-983c-e4b3af0688b7",
                "55209e97-a8ec-4aa9-8cab-8bdd11d5d6dc"
              ],
              "failures": [],
              "pending": [],
              "skipped": [],
              "duration": 274,
              "root": false,
              "rootEmpty": false,
              "_timeout": 2000
            },
            {
              "uuid": "1ab35afe-de13-426e-9b9f-f599daea208e",
              "title": "19 - Crie um rodapé no final da página",
              "fullFile": "",
              "file": "",
              "beforeHooks": [],
              "afterHooks": [],
              "tests": [
                {
                  "title": "O rodapé deve conter o texto \"Direitos reservados à Trybewarts©\"",
                  "fullTitle": "Trybewarts 19 - Crie um rodapé no final da página O rodapé deve conter o texto \"Direitos reservados à Trybewarts©\"",
                  "timedOut": null,
                  "duration": 147,
                  "state": "passed",
                  "speed": "slow",
                  "pass": true,
                  "fail": false,
                  "pending": false,
                  "context": null,
                  "code": "cy.get('footer').should('exist').contains('Direitos reservados à Trybewarts©');",
                  "err": {},
                  "uuid": "ef337592-42fc-43ca-bd03-724b88c5256c",
                  "parentUUID": "1ab35afe-de13-426e-9b9f-f599daea208e",
                  "isHook": false,
                  "skipped": false
                }
              ],
              "suites": [],
              "passes": [
                "ef337592-42fc-43ca-bd03-724b88c5256c"
              ],
              "failures": [],
              "pending": [],
              "skipped": [],
              "duration": 147,
              "root": false,
              "rootEmpty": false,
              "_timeout": 2000
            },
            {
              "uuid": "ee5c3239-2ea9-41cf-9d38-cbbc5743a1a6",
              "title": "20 - Crie um contador com o ID 'counter' contendo o número de caracteres disponíveis no textarea, variando de 500 até 0, que deverá ser atualizado a medida que algo for digitado na textarea",
              "fullFile": "",
              "file": "",
              "beforeHooks": [],
              "afterHooks": [],
              "tests": [
                {
                  "title": "Deve existir um contador com o ID \"counter\"",
                  "fullTitle": "Trybewarts 20 - Crie um contador com o ID 'counter' contendo o número de caracteres disponíveis no textarea, variando de 500 até 0, que deverá ser atualizado a medida que algo for digitado na textarea Deve existir um contador com o ID \"counter\"",
                  "timedOut": null,
                  "duration": 146,
                  "state": "passed",
                  "speed": "slow",
                  "pass": true,
                  "fail": false,
                  "pending": false,
                  "context": null,
                  "code": "cy.get('#counter').should('exist');",
                  "err": {},
                  "uuid": "37986305-70b5-4921-90f5-4fbbfb595aab",
                  "parentUUID": "ee5c3239-2ea9-41cf-9d38-cbbc5743a1a6",
                  "isHook": false,
                  "skipped": false
                },
                {
                  "title": "O contador de caracteres deve ser atualizado conforme o conteúdo do textarea muda.",
                  "fullTitle": "Trybewarts 20 - Crie um contador com o ID 'counter' contendo o número de caracteres disponíveis no textarea, variando de 500 até 0, que deverá ser atualizado a medida que algo for digitado na textarea O contador de caracteres deve ser atualizado conforme o conteúdo do textarea muda.",
                  "timedOut": null,
                  "duration": 10554,
                  "state": "failed",
                  "speed": null,
                  "pass": false,
                  "fail": true,
                  "pending": false,
                  "context": null,
                  "code": "cy.get(\"#counter\").contains('500');\ncy.get(\"#textarea\").type('Salve salve família');\ncy.get(\"#counter\").contains('481');\ncy.get('#textarea').clear();\ncy.get(\"#counter\").should('contain', '500');\ncy.get('#textarea').type('Salve salve');\ncy.get(\"#counter\").should('contain', '489');",
                  "err": {
                    "message": "AssertionError: Timed out retrying after 10000ms: Expected to find content: '481' within the element: <div#counter> but never did.",
                    "estack": "AssertionError: Timed out retrying after 10000ms: Expected to find content: '481' within the element: <div#counter> but never did.\n    at Context.eval (http://localhost:61418/__cypress/tests?p=cypress/integration/project.spec.js:414:26)",
                    "diff": null
                  },
                  "uuid": "6b6bf81b-7a6a-4bcd-a9cf-f0437091bc83",
                  "parentUUID": "ee5c3239-2ea9-41cf-9d38-cbbc5743a1a6",
                  "isHook": false,
                  "skipped": false
                }
              ],
              "suites": [],
              "passes": [
                "37986305-70b5-4921-90f5-4fbbfb595aab"
              ],
              "failures": [
                "6b6bf81b-7a6a-4bcd-a9cf-f0437091bc83"
              ],
              "pending": [],
              "skipped": [],
              "duration": 10700,
              "root": false,
              "rootEmpty": false,
              "_timeout": 2000
            },
            {
              "uuid": "1dac87f2-6a07-43af-b93a-cdd9eeaa329f",
              "title": "21 - Faça com que ao clicar no botão 'Enviar', o conteúdo do formulário seja substituído pelas informações preenchidas",
              "fullFile": "",
              "file": "",
              "beforeHooks": [],
              "afterHooks": [],
              "tests": [
                {
                  "title": "Deve haver um texto no modelo \"Nome: John Doe\" (substitua John Doe pelo nome e sobrenome preenchido no formulário)",
                  "fullTitle": "Trybewarts 21 - Faça com que ao clicar no botão 'Enviar', o conteúdo do formulário seja substituído pelas informações preenchidas Deve haver um texto no modelo \"Nome: John Doe\" (substitua John Doe pelo nome e sobrenome preenchido no formulário)",
                  "timedOut": null,
                  "duration": 11996,
                  "state": "failed",
                  "speed": null,
                  "pass": false,
                  "fail": true,
                  "pending": false,
                  "context": null,
                  "code": "cy.get('#evaluation-form').contains(\"Nome: \".concat(firstName, \" \").concat(lastName));",
                  "err": {
                    "message": "AssertionError: Timed out retrying after 10000ms: Expected to find content: 'Nome: John Doe' within the element: <form#evaluation-form> but never did.",
                    "estack": "AssertionError: Timed out retrying after 10000ms: Expected to find content: 'Nome: John Doe' within the element: <form#evaluation-form> but never did.\n    at Context.eval (http://localhost:61418/__cypress/tests?p=cypress/integration/project.spec.js:472:34)",
                    "diff": null
                  },
                  "uuid": "4f94aefb-ce33-443c-9de4-50692c887bac",
                  "parentUUID": "1dac87f2-6a07-43af-b93a-cdd9eeaa329f",
                  "isHook": false,
                  "skipped": false
                },
                {
                  "title": "Deve haver um texto no modelo \"Email: alguem@email.com\"",
                  "fullTitle": "Trybewarts 21 - Faça com que ao clicar no botão 'Enviar', o conteúdo do formulário seja substituído pelas informações preenchidas Deve haver um texto no modelo \"Email: alguem@email.com\"",
                  "timedOut": null,
                  "duration": 12004,
                  "state": "failed",
                  "speed": null,
                  "pass": false,
                  "fail": true,
                  "pending": false,
                  "context": null,
                  "code": "cy.get('#evaluation-form').contains(\"Email: \".concat(email));",
                  "err": {
                    "message": "AssertionError: Timed out retrying after 10000ms: Expected to find content: 'Email: johndoe@trybe.com' within the element: <form#evaluation-form> but never did.",
                    "estack": "AssertionError: Timed out retrying after 10000ms: Expected to find content: 'Email: johndoe@trybe.com' within the element: <form#evaluation-form> but never did.\n    at Context.eval (http://localhost:61418/__cypress/tests?p=cypress/integration/project.spec.js:475:34)",
                    "diff": null
                  },
                  "uuid": "ad0eaee3-4ff0-497a-ad70-7e1cc8cb7761",
                  "parentUUID": "1dac87f2-6a07-43af-b93a-cdd9eeaa329f",
                  "isHook": false,
                  "skipped": false
                },
                {
                  "title": "Deve haver um texto no modelo \"Casa: -Casa marcada-\"",
                  "fullTitle": "Trybewarts 21 - Faça com que ao clicar no botão 'Enviar', o conteúdo do formulário seja substituído pelas informações preenchidas Deve haver um texto no modelo \"Casa: -Casa marcada-\"",
                  "timedOut": null,
                  "duration": 11963,
                  "state": "failed",
                  "speed": null,
                  "pass": false,
                  "fail": true,
                  "pending": false,
                  "context": null,
                  "code": "cy.get('#evaluation-form').contains(\"Casa: \".concat(house));",
                  "err": {
                    "message": "AssertionError: Timed out retrying after 10000ms: Expected to find content: 'Casa: Reactpuff' within the element: <form#evaluation-form> but never did.",
                    "estack": "AssertionError: Timed out retrying after 10000ms: Expected to find content: 'Casa: Reactpuff' within the element: <form#evaluation-form> but never did.\n    at Context.eval (http://localhost:61418/__cypress/tests?p=cypress/integration/project.spec.js:478:34)",
                    "diff": null
                  },
                  "uuid": "d23bb27a-baf8-4004-8168-c65ce0f3c0e5",
                  "parentUUID": "1dac87f2-6a07-43af-b93a-cdd9eeaa329f",
                  "isHook": false,
                  "skipped": false
                },
                {
                  "title": "Deve haver um texto no modelo \"Família: -Família marcada-\"",
                  "fullTitle": "Trybewarts 21 - Faça com que ao clicar no botão 'Enviar', o conteúdo do formulário seja substituído pelas informações preenchidas Deve haver um texto no modelo \"Família: -Família marcada-\"",
                  "timedOut": null,
                  "duration": 11935,
                  "state": "failed",
                  "speed": null,
                  "pass": false,
                  "fail": true,
                  "pending": false,
                  "context": null,
                  "code": "cy.get('#evaluation-form').contains(\"Fam\\xEDlia: \".concat(family));",
                  "err": {
                    "message": "AssertionError: Timed out retrying after 10000ms: Expected to find content: 'Família: Backend' within the element: <form#evaluation-form> but never did.",
                    "estack": "AssertionError: Timed out retrying after 10000ms: Expected to find content: 'Família: Backend' within the element: <form#evaluation-form> but never did.\n    at Context.eval (http://localhost:61418/__cypress/tests?p=cypress/integration/project.spec.js:481:34)",
                    "diff": null
                  },
                  "uuid": "5cc6ba87-7af4-4f53-8fea-4aab9799b78c",
                  "parentUUID": "1dac87f2-6a07-43af-b93a-cdd9eeaa329f",
                  "isHook": false,
                  "skipped": false
                },
                {
                  "title": "Deve haver um texto no modelo \"Matérias: -Matérias marcadas-\"",
                  "fullTitle": "Trybewarts 21 - Faça com que ao clicar no botão 'Enviar', o conteúdo do formulário seja substituído pelas informações preenchidas Deve haver um texto no modelo \"Matérias: -Matérias marcadas-\"",
                  "timedOut": null,
                  "duration": 11958,
                  "state": "failed",
                  "speed": null,
                  "pass": false,
                  "fail": true,
                  "pending": false,
                  "context": null,
                  "code": "cy.get('#evaluation-form').contains('Matérias: Jest, React, SQL');",
                  "err": {
                    "message": "AssertionError: Timed out retrying after 10000ms: Expected to find content: 'Matérias: Jest, React, SQL' within the element: <form#evaluation-form> but never did.",
                    "estack": "AssertionError: Timed out retrying after 10000ms: Expected to find content: 'Matérias: Jest, React, SQL' within the element: <form#evaluation-form> but never did.\n    at Context.eval (http://localhost:61418/__cypress/tests?p=cypress/integration/project.spec.js:484:34)",
                    "diff": null
                  },
                  "uuid": "5581b17b-90a1-4fef-9987-ddaabece97d8",
                  "parentUUID": "1dac87f2-6a07-43af-b93a-cdd9eeaa329f",
                  "isHook": false,
                  "skipped": false
                },
                {
                  "title": "Deve haver um texto no modelo \"Avaliação: -Nota marcada-\"",
                  "fullTitle": "Trybewarts 21 - Faça com que ao clicar no botão 'Enviar', o conteúdo do formulário seja substituído pelas informações preenchidas Deve haver um texto no modelo \"Avaliação: -Nota marcada-\"",
                  "timedOut": null,
                  "duration": 11979,
                  "state": "failed",
                  "speed": null,
                  "pass": false,
                  "fail": true,
                  "pending": false,
                  "context": null,
                  "code": "cy.get('#evaluation-form').contains(\"Avalia\\xE7\\xE3o: \".concat(rate));",
                  "err": {
                    "message": "AssertionError: Timed out retrying after 10000ms: Expected to find content: 'Avaliação: 10' within the element: <form#evaluation-form> but never did.",
                    "estack": "AssertionError: Timed out retrying after 10000ms: Expected to find content: 'Avaliação: 10' within the element: <form#evaluation-form> but never did.\n    at Context.eval (http://localhost:61418/__cypress/tests?p=cypress/integration/project.spec.js:487:34)",
                    "diff": null
                  },
                  "uuid": "c0b90e2b-a013-46f3-9b32-ec4609ae8e15",
                  "parentUUID": "1dac87f2-6a07-43af-b93a-cdd9eeaa329f",
                  "isHook": false,
                  "skipped": false
                },
                {
                  "title": "Deve haver um texto no modelo \"Observações: -Texto preenchido-\"",
                  "fullTitle": "Trybewarts 21 - Faça com que ao clicar no botão 'Enviar', o conteúdo do formulário seja substituído pelas informações preenchidas Deve haver um texto no modelo \"Observações: -Texto preenchido-\"",
                  "timedOut": null,
                  "duration": 11940,
                  "state": "failed",
                  "speed": null,
                  "pass": false,
                  "fail": true,
                  "pending": false,
                  "context": null,
                  "code": "cy.get('#evaluation-form').contains(\"Observa\\xE7\\xF5es: \".concat(observation));",
                  "err": {
                    "message": "AssertionError: Timed out retrying after 10000ms: Expected to find content: 'Observações: Maaaaravilhoso' within the element: <form#evaluation-form> but never did.",
                    "estack": "AssertionError: Timed out retrying after 10000ms: Expected to find content: 'Observações: Maaaaravilhoso' within the element: <form#evaluation-form> but never did.\n    at Context.eval (http://localhost:61418/__cypress/tests?p=cypress/integration/project.spec.js:490:34)",
                    "diff": null
                  },
                  "uuid": "6bc22d6e-0d4b-4f5e-9429-83a7b2988eb6",
                  "parentUUID": "1dac87f2-6a07-43af-b93a-cdd9eeaa329f",
                  "isHook": false,
                  "skipped": false
                }
              ],
              "suites": [],
              "passes": [],
              "failures": [
                "4f94aefb-ce33-443c-9de4-50692c887bac",
                "ad0eaee3-4ff0-497a-ad70-7e1cc8cb7761",
                "d23bb27a-baf8-4004-8168-c65ce0f3c0e5",
                "5cc6ba87-7af4-4f53-8fea-4aab9799b78c",
                "5581b17b-90a1-4fef-9987-ddaabece97d8",
                "c0b90e2b-a013-46f3-9b32-ec4609ae8e15",
                "6bc22d6e-0d4b-4f5e-9429-83a7b2988eb6"
              ],
              "pending": [],
              "skipped": [],
              "duration": 83775,
              "root": false,
              "rootEmpty": false,
              "_timeout": 2000
            }
          ],
          "passes": [],
          "failures": [],
          "pending": [],
          "skipped": [],
          "duration": 0,
          "root": false,
          "rootEmpty": false,
          "_timeout": 2000
        }
      ],
      "passes": [],
      "failures": [],
      "pending": [],
      "skipped": [],
      "duration": 0,
      "root": true,
      "rootEmpty": true,
      "_timeout": 2000
    }
  ],
  "meta": {
    "mocha": {
      "version": "7.0.1"
    },
    "mochawesome": {
      "options": {
        "quiet": false,
        "reportFilename": "mochawesome",
        "saveHtml": false,
        "saveJson": true,
        "consoleReporter": "spec",
        "useInlineDiffs": false,
        "code": true
      },
      "version": "6.2.2"
    },
    "marge": {
      "options": {
        "id": "default",
        "reportDir": "cypress/reports",
        "overwrite": false,
        "html": false,
        "json": true
      },
      "version": "5.2.0"
    }
  }
}