{
  "stats": {
    "suites": 22,
    "tests": 63,
    "passes": 60,
    "pending": 0,
    "failures": 3,
    "start": "2021-06-16T22:25:37.529Z",
    "end": "2021-06-16T22:26:32.402Z",
    "duration": 54873,
    "testsRegistered": 69,
    "passPercent": 86.95652173913044,
    "pendingPercent": 0,
    "other": 0,
    "hasOther": false,
    "skipped": 6,
    "hasSkipped": true
  },
  "results": [
    {
      "uuid": "d9c20edd-e602-4a27-b8fb-229d7edf8dec",
      "title": "",
      "fullFile": "cypress/integration/project.spec.js",
      "file": "cypress/integration/project.spec.js",
      "beforeHooks": [],
      "afterHooks": [],
      "tests": [],
      "suites": [
        {
          "uuid": "01c4c80f-3a79-40c2-af9a-cd20eabf9282",
          "title": "Trybewarts",
          "fullFile": "",
          "file": "",
          "beforeHooks": [],
          "afterHooks": [],
          "tests": [],
          "suites": [
            {
              "uuid": "bdeb1c34-c730-4921-bfba-21bc86e7e3a1",
              "title": "1 - Crie uma barra verde na parte superior da página",
              "fullFile": "",
              "file": "",
              "beforeHooks": [],
              "afterHooks": [],
              "tests": [
                {
                  "title": "Esta barra deve possuir a classe `header`",
                  "fullTitle": "Trybewarts 1 - Crie uma barra verde na parte superior da página Esta barra deve possuir a classe `header`",
                  "timedOut": null,
                  "duration": 2044,
                  "state": "passed",
                  "speed": "slow",
                  "pass": true,
                  "fail": false,
                  "pending": false,
                  "context": null,
                  "code": "cy.get(TOP_BAR_SELECTOR).should('exist');",
                  "err": {},
                  "uuid": "aa0e445b-2177-4565-ad7a-ffb60113defc",
                  "parentUUID": "bdeb1c34-c730-4921-bfba-21bc86e7e3a1",
                  "isHook": false,
                  "skipped": false
                },
                {
                  "title": "A classe `header` deve determinar que o elemento é um flex container",
                  "fullTitle": "Trybewarts 1 - Crie uma barra verde na parte superior da página A classe `header` deve determinar que o elemento é um flex container",
                  "timedOut": null,
                  "duration": 339,
                  "state": "passed",
                  "speed": "slow",
                  "pass": true,
                  "fail": false,
                  "pending": false,
                  "context": null,
                  "code": "cy.get(TOP_BAR_SELECTOR).should('have.css', 'display', 'flex');",
                  "err": {},
                  "uuid": "b02a3d97-3cf2-4f92-9355-e9ba738651c8",
                  "parentUUID": "bdeb1c34-c730-4921-bfba-21bc86e7e3a1",
                  "isHook": false,
                  "skipped": false
                },
                {
                  "title": "A classe header deve possuir a propriedade `background-color: rgb(50, 167, 145)`",
                  "fullTitle": "Trybewarts 1 - Crie uma barra verde na parte superior da página A classe header deve possuir a propriedade `background-color: rgb(50, 167, 145)`",
                  "timedOut": null,
                  "duration": 152,
                  "state": "passed",
                  "speed": "slow",
                  "pass": true,
                  "fail": false,
                  "pending": false,
                  "context": null,
                  "code": "cy.get(TOP_BAR_SELECTOR).should('have.css', 'background-color', 'rgb(50, 167, 145)');",
                  "err": {},
                  "uuid": "1d7a6b72-63cf-4a92-960a-0328da4ee2b9",
                  "parentUUID": "bdeb1c34-c730-4921-bfba-21bc86e7e3a1",
                  "isHook": false,
                  "skipped": false
                }
              ],
              "suites": [],
              "passes": [
                "aa0e445b-2177-4565-ad7a-ffb60113defc",
                "b02a3d97-3cf2-4f92-9355-e9ba738651c8",
                "1d7a6b72-63cf-4a92-960a-0328da4ee2b9"
              ],
              "failures": [],
              "pending": [],
              "skipped": [],
              "duration": 2535,
              "root": false,
              "rootEmpty": false,
              "_timeout": 2000
            },
            {
              "uuid": "1dd24eb0-de96-46ed-b47e-cbf0444419f2",
              "title": "2 - Adicione o logotipo da Trybewarts com a classe `trybewarts-header-logo` no canto esquerdo da barra superior",
              "fullFile": "",
              "file": "",
              "beforeHooks": [],
              "afterHooks": [],
              "tests": [
                {
                  "title": "Deve existir um elemento img com a classe `trybewarts-header-logo`",
                  "fullTitle": "Trybewarts 2 - Adicione o logotipo da Trybewarts com a classe `trybewarts-header-logo` no canto esquerdo da barra superior Deve existir um elemento img com a classe `trybewarts-header-logo`",
                  "timedOut": null,
                  "duration": 191,
                  "state": "passed",
                  "speed": "slow",
                  "pass": true,
                  "fail": false,
                  "pending": false,
                  "context": null,
                  "code": "cy.get(TRYBEWARTS_LOGO_SELECTOR).should('exist');",
                  "err": {},
                  "uuid": "26f10553-e54c-41ad-b5ec-0fbc82acb1de",
                  "parentUUID": "1dd24eb0-de96-46ed-b47e-cbf0444419f2",
                  "isHook": false,
                  "skipped": false
                },
                {
                  "title": "O logotipo deve estar alinhado à esquerda dentro da barra verde",
                  "fullTitle": "Trybewarts 2 - Adicione o logotipo da Trybewarts com a classe `trybewarts-header-logo` no canto esquerdo da barra superior O logotipo deve estar alinhado à esquerda dentro da barra verde",
                  "timedOut": null,
                  "duration": 102,
                  "state": "passed",
                  "speed": "slow",
                  "pass": true,
                  "fail": false,
                  "pending": false,
                  "context": null,
                  "code": "cy.get(TRYBEWARTS_LOGO_SELECTOR).should('be.leftAligned', TOP_BAR_SELECTOR);",
                  "err": {},
                  "uuid": "7fee743f-8684-4a83-b0b2-0a0d629e2e16",
                  "parentUUID": "1dd24eb0-de96-46ed-b47e-cbf0444419f2",
                  "isHook": false,
                  "skipped": false
                },
                {
                  "title": "O atributo src do logotipo deve apontar para images/trybewarts-header-logo.svg",
                  "fullTitle": "Trybewarts 2 - Adicione o logotipo da Trybewarts com a classe `trybewarts-header-logo` no canto esquerdo da barra superior O atributo src do logotipo deve apontar para images/trybewarts-header-logo.svg",
                  "timedOut": null,
                  "duration": 238,
                  "state": "passed",
                  "speed": "slow",
                  "pass": true,
                  "fail": false,
                  "pending": false,
                  "context": null,
                  "code": "cy.get(TRYBEWARTS_LOGO_SELECTOR).should('have.attr', 'src').should('equal', 'images/trybewarts-header-logo.svg');",
                  "err": {},
                  "uuid": "cee02193-6a9f-4cb8-9bf8-7ae01f731a3c",
                  "parentUUID": "1dd24eb0-de96-46ed-b47e-cbf0444419f2",
                  "isHook": false,
                  "skipped": false
                }
              ],
              "suites": [],
              "passes": [
                "26f10553-e54c-41ad-b5ec-0fbc82acb1de",
                "7fee743f-8684-4a83-b0b2-0a0d629e2e16",
                "cee02193-6a9f-4cb8-9bf8-7ae01f731a3c"
              ],
              "failures": [],
              "pending": [],
              "skipped": [],
              "duration": 531,
              "root": false,
              "rootEmpty": false,
              "_timeout": 2000
            },
            {
              "uuid": "75fb1ea3-797f-4ba2-a6e4-012acce42581",
              "title": "3 - Acrescente um formulário de autenticação no canto direito da barra superior contendo os inputs de login, de senha e um botão de entrar",
              "fullFile": "",
              "file": "",
              "beforeHooks": [],
              "afterHooks": [],
              "tests": [
                {
                  "title": "Existe um formulário com a classe trybewarts-login",
                  "fullTitle": "Trybewarts 3 - Acrescente um formulário de autenticação no canto direito da barra superior contendo os inputs de login, de senha e um botão de entrar Existe um formulário com a classe trybewarts-login",
                  "timedOut": null,
                  "duration": 145,
                  "state": "passed",
                  "speed": "slow",
                  "pass": true,
                  "fail": false,
                  "pending": false,
                  "context": null,
                  "code": "cy.get(TRYBEWARTS_LOGIN_FORM_SELECTOR).should('exist');",
                  "err": {},
                  "uuid": "7e7a0b0a-ab54-49ad-8986-21c638eb74f4",
                  "parentUUID": "75fb1ea3-797f-4ba2-a6e4-012acce42581",
                  "isHook": false,
                  "skipped": false
                },
                {
                  "title": "O formulário deve estar alinhado à direita dentro da barra verde",
                  "fullTitle": "Trybewarts 3 - Acrescente um formulário de autenticação no canto direito da barra superior contendo os inputs de login, de senha e um botão de entrar O formulário deve estar alinhado à direita dentro da barra verde",
                  "timedOut": null,
                  "duration": 254,
                  "state": "passed",
                  "speed": "slow",
                  "pass": true,
                  "fail": false,
                  "pending": false,
                  "context": null,
                  "code": "cy.get(TOP_BAR_SELECTOR).should('have.css', 'justify-content', 'space-between');",
                  "err": {},
                  "uuid": "bf6dbfcb-2be1-4278-9d47-c628511c0a61",
                  "parentUUID": "75fb1ea3-797f-4ba2-a6e4-012acce42581",
                  "isHook": false,
                  "skipped": false
                },
                {
                  "title": "Existem dois inputs e um botão dentro do formulário",
                  "fullTitle": "Trybewarts 3 - Acrescente um formulário de autenticação no canto direito da barra superior contendo os inputs de login, de senha e um botão de entrar Existem dois inputs e um botão dentro do formulário",
                  "timedOut": null,
                  "duration": 121,
                  "state": "passed",
                  "speed": "slow",
                  "pass": true,
                  "fail": false,
                  "pending": false,
                  "context": null,
                  "code": "cy.get(\"\".concat(TRYBEWARTS_LOGIN_FORM_SELECTOR, \" input\")).should(function ($input) {\n  expect($input).to.have.length(2);\n});\ncy.get(\"\".concat(TRYBEWARTS_LOGIN_FORM_SELECTOR, \" button\")).should('exist');",
                  "err": {},
                  "uuid": "0c6ad11d-039f-4bec-bbea-2a6f09e90f85",
                  "parentUUID": "75fb1ea3-797f-4ba2-a6e4-012acce42581",
                  "isHook": false,
                  "skipped": false
                },
                {
                  "title": "Os inputs deverão conter placeholders com as palavras \"Login\" e \"Senha\", respectivamente",
                  "fullTitle": "Trybewarts 3 - Acrescente um formulário de autenticação no canto direito da barra superior contendo os inputs de login, de senha e um botão de entrar Os inputs deverão conter placeholders com as palavras \"Login\" e \"Senha\", respectivamente",
                  "timedOut": null,
                  "duration": 113,
                  "state": "passed",
                  "speed": "slow",
                  "pass": true,
                  "fail": false,
                  "pending": false,
                  "context": null,
                  "code": "cy.get(\"\".concat(TRYBEWARTS_LOGIN_FORM_SELECTOR, \" input\")).should(function ($input) {\n  expect($input[0].placeholder).to.match(/Login/);\n  expect($input[1].placeholder).to.match(/Senha/);\n});",
                  "err": {},
                  "uuid": "4ba83e0d-b912-4c29-b380-03d708ffa6dc",
                  "parentUUID": "75fb1ea3-797f-4ba2-a6e4-012acce42581",
                  "isHook": false,
                  "skipped": false
                },
                {
                  "title": "O formulário deve ser um flex container",
                  "fullTitle": "Trybewarts 3 - Acrescente um formulário de autenticação no canto direito da barra superior contendo os inputs de login, de senha e um botão de entrar O formulário deve ser um flex container",
                  "timedOut": null,
                  "duration": 128,
                  "state": "passed",
                  "speed": "slow",
                  "pass": true,
                  "fail": false,
                  "pending": false,
                  "context": null,
                  "code": "cy.get(TRYBEWARTS_LOGIN_FORM_SELECTOR).should('have.css', 'display', 'flex');",
                  "err": {},
                  "uuid": "5a0a4260-51e8-4cb8-886e-47c8812a2a5a",
                  "parentUUID": "75fb1ea3-797f-4ba2-a6e4-012acce42581",
                  "isHook": false,
                  "skipped": false
                },
                {
                  "title": "Ao clicar no botão com login ou senha inválidos, emite um alerta contendo o texto \"Login ou senha inválidos.\"",
                  "fullTitle": "Trybewarts 3 - Acrescente um formulário de autenticação no canto direito da barra superior contendo os inputs de login, de senha e um botão de entrar Ao clicar no botão com login ou senha inválidos, emite um alerta contendo o texto \"Login ou senha inválidos.\"",
                  "timedOut": null,
                  "duration": 378,
                  "state": "passed",
                  "speed": "slow",
                  "pass": true,
                  "fail": false,
                  "pending": false,
                  "context": null,
                  "code": "var stub = cy.stub();\ncy.on('window:alert', stub);\ncy.get(\"\".concat(TRYBEWARTS_LOGIN_FORM_SELECTOR, \" button\")).click().then(function () {\n  expect(stub.getCall(0)).to.be.calledWith('Login ou senha inválidos.');\n});",
                  "err": {},
                  "uuid": "563f7dd2-c33e-4d18-a60a-9f7798de19a8",
                  "parentUUID": "75fb1ea3-797f-4ba2-a6e4-012acce42581",
                  "isHook": false,
                  "skipped": false
                },
                {
                  "title": "Ao clicar no botão com login ou senha válidos, emite um alerta contendo o texto \"Olá, Tryber!\"",
                  "fullTitle": "Trybewarts 3 - Acrescente um formulário de autenticação no canto direito da barra superior contendo os inputs de login, de senha e um botão de entrar Ao clicar no botão com login ou senha válidos, emite um alerta contendo o texto \"Olá, Tryber!\"",
                  "timedOut": null,
                  "duration": 892,
                  "state": "passed",
                  "speed": "slow",
                  "pass": true,
                  "fail": false,
                  "pending": false,
                  "context": null,
                  "code": "var stub = cy.stub();\ncy.on('window:alert', stub);\ncy.get(\"\".concat(TRYBEWARTS_LOGIN_FORM_SELECTOR, \" input:nth-child(1)\")).type('tryber@teste.com');\ncy.get(\"\".concat(TRYBEWARTS_LOGIN_FORM_SELECTOR, \" input:nth-child(2)\")).type('123456');\ncy.get(\"\".concat(TRYBEWARTS_LOGIN_FORM_SELECTOR, \" button\")).click().then(function () {\n  expect(stub.getCall(0)).to.be.calledWith('Olá, Tryber!');\n});",
                  "err": {},
                  "uuid": "ae3a32b3-a63b-4c2a-b5ca-d91d173f782d",
                  "parentUUID": "75fb1ea3-797f-4ba2-a6e4-012acce42581",
                  "isHook": false,
                  "skipped": false
                }
              ],
              "suites": [],
              "passes": [
                "7e7a0b0a-ab54-49ad-8986-21c638eb74f4",
                "bf6dbfcb-2be1-4278-9d47-c628511c0a61",
                "0c6ad11d-039f-4bec-bbea-2a6f09e90f85",
                "4ba83e0d-b912-4c29-b380-03d708ffa6dc",
                "5a0a4260-51e8-4cb8-886e-47c8812a2a5a",
                "563f7dd2-c33e-4d18-a60a-9f7798de19a8",
                "ae3a32b3-a63b-4c2a-b5ca-d91d173f782d"
              ],
              "failures": [],
              "pending": [],
              "skipped": [],
              "duration": 2031,
              "root": false,
              "rootEmpty": false,
              "_timeout": 2000
            },
            {
              "uuid": "1ee0ce52-5191-4ba8-84d5-688a41d97840",
              "title": "4 - Crie um título com o texto 'Trybewarts' centralizado dentro do 'Header'",
              "fullFile": "",
              "file": "",
              "beforeHooks": [],
              "afterHooks": [],
              "tests": [
                {
                  "title": "Deve existir um elemento h1 com o id trybewarts-header-title",
                  "fullTitle": "Trybewarts 4 - Crie um título com o texto 'Trybewarts' centralizado dentro do 'Header' Deve existir um elemento h1 com o id trybewarts-header-title",
                  "timedOut": null,
                  "duration": 85,
                  "state": "passed",
                  "speed": "slow",
                  "pass": true,
                  "fail": false,
                  "pending": false,
                  "context": null,
                  "code": "cy.get(TRYBEWARTS_HEADER_TITLE).should('exist');",
                  "err": {},
                  "uuid": "e71980e1-2553-41e8-8353-023550350d73",
                  "parentUUID": "1ee0ce52-5191-4ba8-84d5-688a41d97840",
                  "isHook": false,
                  "skipped": false
                },
                {
                  "title": "O elemento deve possuir o texto \"Trybewarts\"",
                  "fullTitle": "Trybewarts 4 - Crie um título com o texto 'Trybewarts' centralizado dentro do 'Header' O elemento deve possuir o texto \"Trybewarts\"",
                  "timedOut": null,
                  "duration": 72,
                  "state": "passed",
                  "speed": "medium",
                  "pass": true,
                  "fail": false,
                  "pending": false,
                  "context": null,
                  "code": "cy.get(TRYBEWARTS_HEADER_TITLE).should('have.text', 'Trybewarts');",
                  "err": {},
                  "uuid": "9e15aaaa-c17b-4a43-a9c3-96cdd3a753d6",
                  "parentUUID": "1ee0ce52-5191-4ba8-84d5-688a41d97840",
                  "isHook": false,
                  "skipped": false
                },
                {
                  "title": "O header deve ter exatamente três elementos filhos",
                  "fullTitle": "Trybewarts 4 - Crie um título com o texto 'Trybewarts' centralizado dentro do 'Header' O header deve ter exatamente três elementos filhos",
                  "timedOut": null,
                  "duration": 94,
                  "state": "passed",
                  "speed": "slow",
                  "pass": true,
                  "fail": false,
                  "pending": false,
                  "context": null,
                  "code": "cy.get(TOP_BAR_SELECTOR).children().should('have.length', 3);",
                  "err": {},
                  "uuid": "d6089def-efe1-4f40-b1f1-3cad63f30827",
                  "parentUUID": "1ee0ce52-5191-4ba8-84d5-688a41d97840",
                  "isHook": false,
                  "skipped": false
                },
                {
                  "title": "O filho do meio deve ser o título",
                  "fullTitle": "Trybewarts 4 - Crie um título com o texto 'Trybewarts' centralizado dentro do 'Header' O filho do meio deve ser o título",
                  "timedOut": null,
                  "duration": 144,
                  "state": "passed",
                  "speed": "slow",
                  "pass": true,
                  "fail": false,
                  "pending": false,
                  "context": null,
                  "code": "cy.get(TOP_BAR_SELECTOR).children().eq(1).should('match', TRYBEWARTS_HEADER_TITLE);",
                  "err": {},
                  "uuid": "046beea5-558c-442f-8804-e0aa5287c8b8",
                  "parentUUID": "1ee0ce52-5191-4ba8-84d5-688a41d97840",
                  "isHook": false,
                  "skipped": false
                }
              ],
              "suites": [],
              "passes": [
                "e71980e1-2553-41e8-8353-023550350d73",
                "9e15aaaa-c17b-4a43-a9c3-96cdd3a753d6",
                "d6089def-efe1-4f40-b1f1-3cad63f30827",
                "046beea5-558c-442f-8804-e0aa5287c8b8"
              ],
              "failures": [],
              "pending": [],
              "skipped": [],
              "duration": 395,
              "root": false,
              "rootEmpty": false,
              "_timeout": 2000
            },
            {
              "uuid": "3c972daf-df0a-4821-a525-21232df59caa",
              "title": "5 - Adicione um formulário no corpo da página, posicionado ao lado esquerdo",
              "fullFile": "",
              "file": "",
              "beforeHooks": [],
              "afterHooks": [],
              "tests": [
                {
                  "title": "Deve existir um formulário com o id `evaluation-form`",
                  "fullTitle": "Trybewarts 5 - Adicione um formulário no corpo da página, posicionado ao lado esquerdo Deve existir um formulário com o id `evaluation-form`",
                  "timedOut": null,
                  "duration": 136,
                  "state": "passed",
                  "speed": "slow",
                  "pass": true,
                  "fail": false,
                  "pending": false,
                  "context": null,
                  "code": "cy.get(EVALUATION_FORM).should('exist');",
                  "err": {},
                  "uuid": "a938b997-96b1-4ab8-9b4e-dc1dd99f8efb",
                  "parentUUID": "3c972daf-df0a-4821-a525-21232df59caa",
                  "isHook": false,
                  "skipped": false
                },
                {
                  "title": "O formulário deve estar inserido na tag `main` do HTML",
                  "fullTitle": "Trybewarts 5 - Adicione um formulário no corpo da página, posicionado ao lado esquerdo O formulário deve estar inserido na tag `main` do HTML",
                  "timedOut": null,
                  "duration": 153,
                  "state": "passed",
                  "speed": "slow",
                  "pass": true,
                  "fail": false,
                  "pending": false,
                  "context": null,
                  "code": "cy.get('main').children().eq(0).should('match', EVALUATION_FORM);",
                  "err": {},
                  "uuid": "80c774b1-00d1-4357-a020-933912dbc8d6",
                  "parentUUID": "3c972daf-df0a-4821-a525-21232df59caa",
                  "isHook": false,
                  "skipped": false
                },
                {
                  "title": "Tanto o formulário quanto o `main` devem ser flex containers",
                  "fullTitle": "Trybewarts 5 - Adicione um formulário no corpo da página, posicionado ao lado esquerdo Tanto o formulário quanto o `main` devem ser flex containers",
                  "timedOut": null,
                  "duration": 134,
                  "state": "passed",
                  "speed": "slow",
                  "pass": true,
                  "fail": false,
                  "pending": false,
                  "context": null,
                  "code": "cy.get('main').should('have.css', 'display', 'flex');\ncy.get(EVALUATION_FORM).should('have.css', 'display', 'flex');",
                  "err": {},
                  "uuid": "5cc8c1e2-3a24-4251-9635-e74eec0fd111",
                  "parentUUID": "3c972daf-df0a-4821-a525-21232df59caa",
                  "isHook": false,
                  "skipped": false
                },
                {
                  "title": "O formulário deve ter uma largura de 675px",
                  "fullTitle": "Trybewarts 5 - Adicione um formulário no corpo da página, posicionado ao lado esquerdo O formulário deve ter uma largura de 675px",
                  "timedOut": null,
                  "duration": 119,
                  "state": "passed",
                  "speed": "slow",
                  "pass": true,
                  "fail": false,
                  "pending": false,
                  "context": null,
                  "code": "cy.get(EVALUATION_FORM).should('have.css', 'width', '675px');",
                  "err": {},
                  "uuid": "275d3cfa-ebbb-4b57-be02-65ba3eab9df9",
                  "parentUUID": "3c972daf-df0a-4821-a525-21232df59caa",
                  "isHook": false,
                  "skipped": false
                }
              ],
              "suites": [],
              "passes": [
                "a938b997-96b1-4ab8-9b4e-dc1dd99f8efb",
                "80c774b1-00d1-4357-a020-933912dbc8d6",
                "5cc8c1e2-3a24-4251-9635-e74eec0fd111",
                "275d3cfa-ebbb-4b57-be02-65ba3eab9df9"
              ],
              "failures": [],
              "pending": [],
              "skipped": [],
              "duration": 542,
              "root": false,
              "rootEmpty": false,
              "_timeout": 2000
            },
            {
              "uuid": "5ba58b58-6dc0-4493-b46b-0217aab51a0f",
              "title": "6 - Crie um id para o formulário do requisito 5",
              "fullFile": "",
              "file": "",
              "beforeHooks": [],
              "afterHooks": [],
              "tests": [
                {
                  "title": "Esse id deverá se chamar `evaluation-form`",
                  "fullTitle": "Trybewarts 6 - Crie um id para o formulário do requisito 5 Esse id deverá se chamar `evaluation-form`",
                  "timedOut": null,
                  "duration": 120,
                  "state": "passed",
                  "speed": "slow",
                  "pass": true,
                  "fail": false,
                  "pending": false,
                  "context": null,
                  "code": "cy.get('#evaluation-form').should('exist');",
                  "err": {},
                  "uuid": "a4d44481-a9f7-4d43-bf38-bdca29a0123b",
                  "parentUUID": "5ba58b58-6dc0-4493-b46b-0217aab51a0f",
                  "isHook": false,
                  "skipped": false
                },
                {
                  "title": "Esse id deverá possuir a propriedade `display: flex`",
                  "fullTitle": "Trybewarts 6 - Crie um id para o formulário do requisito 5 Esse id deverá possuir a propriedade `display: flex`",
                  "timedOut": null,
                  "duration": 120,
                  "state": "passed",
                  "speed": "slow",
                  "pass": true,
                  "fail": false,
                  "pending": false,
                  "context": null,
                  "code": "cy.get('#evaluation-form').should('have.css', 'display', 'flex');",
                  "err": {},
                  "uuid": "ee6f2463-3c4a-439a-b8bc-d8bb28639eb2",
                  "parentUUID": "5ba58b58-6dc0-4493-b46b-0217aab51a0f",
                  "isHook": false,
                  "skipped": false
                },
                {
                  "title": "Alinhe o eixo principal dessa classe para ser o eixo vertical",
                  "fullTitle": "Trybewarts 6 - Crie um id para o formulário do requisito 5 Alinhe o eixo principal dessa classe para ser o eixo vertical",
                  "timedOut": null,
                  "duration": 123,
                  "state": "passed",
                  "speed": "slow",
                  "pass": true,
                  "fail": false,
                  "pending": false,
                  "context": null,
                  "code": "cy.get('#evaluation-form').should('have.css', 'flex-direction', 'column');",
                  "err": {},
                  "uuid": "d919f808-c03e-4211-9068-3d69b9ca51cf",
                  "parentUUID": "5ba58b58-6dc0-4493-b46b-0217aab51a0f",
                  "isHook": false,
                  "skipped": false
                }
              ],
              "suites": [],
              "passes": [
                "a4d44481-a9f7-4d43-bf38-bdca29a0123b",
                "ee6f2463-3c4a-439a-b8bc-d8bb28639eb2",
                "d919f808-c03e-4211-9068-3d69b9ca51cf"
              ],
              "failures": [],
              "pending": [],
              "skipped": [],
              "duration": 363,
              "root": false,
              "rootEmpty": false,
              "_timeout": 2000
            },
            {
              "uuid": "dc11da20-eca2-4db5-ac00-f6dfa3bdd2b0",
              "title": "7 - Adicione a logo da Trybewarts no lado direito da página",
              "fullFile": "",
              "file": "",
              "beforeHooks": [],
              "afterHooks": [],
              "tests": [
                {
                  "title": "Deve possuir o id trybewarts-forms-logo",
                  "fullTitle": "Trybewarts 7 - Adicione a logo da Trybewarts no lado direito da página Deve possuir o id trybewarts-forms-logo",
                  "timedOut": null,
                  "duration": 161,
                  "state": "passed",
                  "speed": "slow",
                  "pass": true,
                  "fail": false,
                  "pending": false,
                  "context": null,
                  "code": "cy.get(TRYBEWARTS_LOGO_FORMS_SELECTOR).should('exist');",
                  "err": {},
                  "uuid": "616a3556-3e23-443b-9cd2-254862c9b3d4",
                  "parentUUID": "dc11da20-eca2-4db5-ac00-f6dfa3bdd2b0",
                  "isHook": false,
                  "skipped": false
                },
                {
                  "title": "O atributo `src` do logotipo deve apontar para `images/trybewarts-colored.svg`",
                  "fullTitle": "Trybewarts 7 - Adicione a logo da Trybewarts no lado direito da página O atributo `src` do logotipo deve apontar para `images/trybewarts-colored.svg`",
                  "timedOut": null,
                  "duration": 129,
                  "state": "passed",
                  "speed": "slow",
                  "pass": true,
                  "fail": false,
                  "pending": false,
                  "context": null,
                  "code": "cy.get(TRYBEWARTS_LOGO_FORMS_SELECTOR).should('have.attr', 'src').should('equal', 'images/trybewarts-colored.svg');",
                  "err": {},
                  "uuid": "f8c928c0-64c8-4629-93ea-e3f877169176",
                  "parentUUID": "dc11da20-eca2-4db5-ac00-f6dfa3bdd2b0",
                  "isHook": false,
                  "skipped": false
                }
              ],
              "suites": [],
              "passes": [
                "616a3556-3e23-443b-9cd2-254862c9b3d4",
                "f8c928c0-64c8-4629-93ea-e3f877169176"
              ],
              "failures": [],
              "pending": [],
              "skipped": [],
              "duration": 290,
              "root": false,
              "rootEmpty": false,
              "_timeout": 2000
            },
            {
              "uuid": "8817065a-3fc9-441d-8fa4-1323c096df41",
              "title": "8 - Acrescente no formulário os inputs de 'Nome:', 'Sobrenome:' e 'Email:'",
              "fullFile": "",
              "file": "",
              "beforeHooks": [],
              "afterHooks": [],
              "tests": [
                {
                  "title": "Inputs de Nome, Sobrenome e Email deverão ser criados",
                  "fullTitle": "Trybewarts 8 - Acrescente no formulário os inputs de 'Nome:', 'Sobrenome:' e 'Email:' Inputs de Nome, Sobrenome e Email deverão ser criados",
                  "timedOut": null,
                  "duration": 123,
                  "state": "passed",
                  "speed": "slow",
                  "pass": true,
                  "fail": false,
                  "pending": false,
                  "context": null,
                  "code": "cy.get(USER_NAME_INPUT_SELECTOR).should('exist');\ncy.get(USER_LASTNAME_INPUT_SELECTOR).should('exist');\ncy.get(USER_EMAIL_INPUT_SELECTOR).should('exist');",
                  "err": {},
                  "uuid": "a6cc4ce0-0d74-446b-b7f8-2211789b6011",
                  "parentUUID": "8817065a-3fc9-441d-8fa4-1323c096df41",
                  "isHook": false,
                  "skipped": false
                },
                {
                  "title": "Os inputs deverão conter um placeholder com Nome, Sobrenome e Email em seus respectivos campos",
                  "fullTitle": "Trybewarts 8 - Acrescente no formulário os inputs de 'Nome:', 'Sobrenome:' e 'Email:' Os inputs deverão conter um placeholder com Nome, Sobrenome e Email em seus respectivos campos",
                  "timedOut": null,
                  "duration": 125,
                  "state": "passed",
                  "speed": "slow",
                  "pass": true,
                  "fail": false,
                  "pending": false,
                  "context": null,
                  "code": "cy.get(USER_NAME_INPUT_SELECTOR).should('have.attr', 'placeholder', 'Nome');\ncy.get(USER_LASTNAME_INPUT_SELECTOR).should('have.attr', 'placeholder', 'Sobrenome');\ncy.get(USER_EMAIL_INPUT_SELECTOR).should('have.attr', 'placeholder', 'Email');",
                  "err": {},
                  "uuid": "7acaff89-b359-4eca-86b4-55d9ac702ac8",
                  "parentUUID": "8817065a-3fc9-441d-8fa4-1323c096df41",
                  "isHook": false,
                  "skipped": false
                }
              ],
              "suites": [],
              "passes": [
                "a6cc4ce0-0d74-446b-b7f8-2211789b6011",
                "7acaff89-b359-4eca-86b4-55d9ac702ac8"
              ],
              "failures": [],
              "pending": [],
              "skipped": [],
              "duration": 248,
              "root": false,
              "rootEmpty": false,
              "_timeout": 2000
            },
            {
              "uuid": "cfd883a5-521c-43c0-a73b-39f7558a3e2c",
              "title": "9 - Crie um select 'Casa' contendo quatro options",
              "fullFile": "",
              "file": "",
              "beforeHooks": [],
              "afterHooks": [],
              "tests": [
                {
                  "title": "Deverá conter a opção `Gitnória`",
                  "fullTitle": "Trybewarts 9 - Crie um select 'Casa' contendo quatro options Deverá conter a opção `Gitnória`",
                  "timedOut": null,
                  "duration": 121,
                  "state": "passed",
                  "speed": "slow",
                  "pass": true,
                  "fail": false,
                  "pending": false,
                  "context": null,
                  "code": "cy.get(\"#gitnoria-house\").should('exist');",
                  "err": {},
                  "uuid": "375668d4-9daf-404c-80f8-31c6853280c6",
                  "parentUUID": "cfd883a5-521c-43c0-a73b-39f7558a3e2c",
                  "isHook": false,
                  "skipped": false
                },
                {
                  "title": "Deverá conter a opção `Reactpuff`",
                  "fullTitle": "Trybewarts 9 - Crie um select 'Casa' contendo quatro options Deverá conter a opção `Reactpuff`",
                  "timedOut": null,
                  "duration": 123,
                  "state": "passed",
                  "speed": "slow",
                  "pass": true,
                  "fail": false,
                  "pending": false,
                  "context": null,
                  "code": "cy.get(\"#reactpuff-house\").should('exist');",
                  "err": {},
                  "uuid": "e353c2cf-f617-4f0b-b4b7-7a6bbbd95600",
                  "parentUUID": "cfd883a5-521c-43c0-a73b-39f7558a3e2c",
                  "isHook": false,
                  "skipped": false
                },
                {
                  "title": "Deverá conter a opção ``Corvinode``",
                  "fullTitle": "Trybewarts 9 - Crie um select 'Casa' contendo quatro options Deverá conter a opção ``Corvinode``",
                  "timedOut": null,
                  "duration": 160,
                  "state": "passed",
                  "speed": "slow",
                  "pass": true,
                  "fail": false,
                  "pending": false,
                  "context": null,
                  "code": "cy.get(\"#corvinode-house\").should('exist');",
                  "err": {},
                  "uuid": "eba490ad-57e9-4b0c-b52a-62bc5e263c26",
                  "parentUUID": "cfd883a5-521c-43c0-a73b-39f7558a3e2c",
                  "isHook": false,
                  "skipped": false
                },
                {
                  "title": "Deverá conter a opção ``Pytherina``",
                  "fullTitle": "Trybewarts 9 - Crie um select 'Casa' contendo quatro options Deverá conter a opção ``Pytherina``",
                  "timedOut": null,
                  "duration": 134,
                  "state": "passed",
                  "speed": "slow",
                  "pass": true,
                  "fail": false,
                  "pending": false,
                  "context": null,
                  "code": "cy.get(\"#pytherina-house\").should('exist');",
                  "err": {},
                  "uuid": "7dc58a15-3e01-428b-b3a5-aa2d86cfd33f",
                  "parentUUID": "cfd883a5-521c-43c0-a73b-39f7558a3e2c",
                  "isHook": false,
                  "skipped": false
                }
              ],
              "suites": [],
              "passes": [
                "375668d4-9daf-404c-80f8-31c6853280c6",
                "e353c2cf-f617-4f0b-b4b7-7a6bbbd95600",
                "eba490ad-57e9-4b0c-b52a-62bc5e263c26",
                "7dc58a15-3e01-428b-b3a5-aa2d86cfd33f"
              ],
              "failures": [],
              "pending": [],
              "skipped": [],
              "duration": 538,
              "root": false,
              "rootEmpty": false,
              "_timeout": 2000
            },
            {
              "uuid": "b97f17ae-c555-4768-b9d7-eba8c601ceb7",
              "title": "10 - Alinhe os campos de 'Nome' e 'Sobrenome' para que fiquem em linha",
              "fullFile": "",
              "file": "",
              "beforeHooks": [],
              "afterHooks": [],
              "tests": [
                {
                  "title": "Os campos de Nome e Sobrenome devem estar lado a lado",
                  "fullTitle": "Trybewarts 10 - Alinhe os campos de 'Nome' e 'Sobrenome' para que fiquem em linha Os campos de Nome e Sobrenome devem estar lado a lado",
                  "timedOut": null,
                  "duration": 130,
                  "state": "passed",
                  "speed": "slow",
                  "pass": true,
                  "fail": false,
                  "pending": false,
                  "context": null,
                  "code": "cy.get(USER_NAME_INPUT_SELECTOR);\ncy.get(USER_LASTNAME_INPUT_SELECTOR);\ncheckIsRightOf(USER_NAME_INPUT_SELECTOR, USER_LASTNAME_INPUT_SELECTOR);",
                  "err": {},
                  "uuid": "32447005-c940-416b-b0ee-ff720b1ea498",
                  "parentUUID": "b97f17ae-c555-4768-b9d7-eba8c601ceb7",
                  "isHook": false,
                  "skipped": false
                }
              ],
              "suites": [],
              "passes": [
                "32447005-c940-416b-b0ee-ff720b1ea498"
              ],
              "failures": [],
              "pending": [],
              "skipped": [],
              "duration": 130,
              "root": false,
              "rootEmpty": false,
              "_timeout": 2000
            },
            {
              "uuid": "1532e191-e36e-4228-ae27-8de226936c93",
              "title": "11 - Alinhe os campos de 'Email' e 'Casa' para que fiquem em linha",
              "fullFile": "",
              "file": "",
              "beforeHooks": [],
              "afterHooks": [],
              "tests": [
                {
                  "title": "Os campos de Email e Casa devem estar lado a lado",
                  "fullTitle": "Trybewarts 11 - Alinhe os campos de 'Email' e 'Casa' para que fiquem em linha Os campos de Email e Casa devem estar lado a lado",
                  "timedOut": null,
                  "duration": 113,
                  "state": "passed",
                  "speed": "slow",
                  "pass": true,
                  "fail": false,
                  "pending": false,
                  "context": null,
                  "code": "checkIsRightOf('#input-email', '#house');",
                  "err": {},
                  "uuid": "db6bedeb-739b-41a0-898a-3fd1df62eaf2",
                  "parentUUID": "1532e191-e36e-4228-ae27-8de226936c93",
                  "isHook": false,
                  "skipped": false
                }
              ],
              "suites": [],
              "passes": [
                "db6bedeb-739b-41a0-898a-3fd1df62eaf2"
              ],
              "failures": [],
              "pending": [],
              "skipped": [],
              "duration": 113,
              "root": false,
              "rootEmpty": false,
              "_timeout": 2000
            },
            {
              "uuid": "48ad5ab9-5e54-44be-9ab6-3a0771b013a3",
              "title": "12 - Crie um campo de entrada para qual família a pessoa estudante se identifica",
              "fullFile": "",
              "file": "",
              "beforeHooks": [],
              "afterHooks": [],
              "tests": [
                {
                  "title": "Um elemento com o id \"label-family\" e o texto \"Qual sua família?\" deverá ser criado",
                  "fullTitle": "Trybewarts 12 - Crie um campo de entrada para qual família a pessoa estudante se identifica Um elemento com o id \"label-family\" e o texto \"Qual sua família?\" deverá ser criado",
                  "timedOut": null,
                  "duration": 138,
                  "state": "passed",
                  "speed": "slow",
                  "pass": true,
                  "fail": false,
                  "pending": false,
                  "context": null,
                  "code": "cy.get('#label-family').contains(LABEL_FAMILY_TEXT);",
                  "err": {},
                  "uuid": "2d605513-461f-445a-8011-9ba4302b4c69",
                  "parentUUID": "48ad5ab9-5e54-44be-9ab6-3a0771b013a3",
                  "isHook": false,
                  "skipped": false
                },
                {
                  "title": "O campo deve ser formado por três radio buttons com os valores \"Frontend\", \"Backend\" e \"FullStack\" - Frontend",
                  "fullTitle": "Trybewarts 12 - Crie um campo de entrada para qual família a pessoa estudante se identifica O campo deve ser formado por três radio buttons com os valores \"Frontend\", \"Backend\" e \"FullStack\" - Frontend",
                  "timedOut": null,
                  "duration": 130,
                  "state": "passed",
                  "speed": "slow",
                  "pass": true,
                  "fail": false,
                  "pending": false,
                  "context": null,
                  "code": "cy.get('input[value=\"Frontend\"]').should('exist');",
                  "err": {},
                  "uuid": "0d7156fc-2835-4a3f-8db0-b4c9f5a7231a",
                  "parentUUID": "48ad5ab9-5e54-44be-9ab6-3a0771b013a3",
                  "isHook": false,
                  "skipped": false
                },
                {
                  "title": "O campo deve ser formado por três radio buttons com os valores \"Frontend\", \"Backend\" e \"FullStack\" - Backend",
                  "fullTitle": "Trybewarts 12 - Crie um campo de entrada para qual família a pessoa estudante se identifica O campo deve ser formado por três radio buttons com os valores \"Frontend\", \"Backend\" e \"FullStack\" - Backend",
                  "timedOut": null,
                  "duration": 120,
                  "state": "passed",
                  "speed": "slow",
                  "pass": true,
                  "fail": false,
                  "pending": false,
                  "context": null,
                  "code": "cy.get('input[value=\"Backend\"]').should('exist');",
                  "err": {},
                  "uuid": "fab7c198-4b6a-4768-a7c5-c08f5d8e4bfc",
                  "parentUUID": "48ad5ab9-5e54-44be-9ab6-3a0771b013a3",
                  "isHook": false,
                  "skipped": false
                },
                {
                  "title": "O campo deve ser formado por três radio buttons com os valores \"Frontend\", \"Backend\" e \"FullStack\" - FullStack",
                  "fullTitle": "Trybewarts 12 - Crie um campo de entrada para qual família a pessoa estudante se identifica O campo deve ser formado por três radio buttons com os valores \"Frontend\", \"Backend\" e \"FullStack\" - FullStack",
                  "timedOut": null,
                  "duration": 168,
                  "state": "passed",
                  "speed": "slow",
                  "pass": true,
                  "fail": false,
                  "pending": false,
                  "context": null,
                  "code": "cy.get('input[value=\"FullStack\"]').should('exist');",
                  "err": {},
                  "uuid": "1e64ee58-ff35-4aa8-9ee3-653dc90f3599",
                  "parentUUID": "48ad5ab9-5e54-44be-9ab6-3a0771b013a3",
                  "isHook": false,
                  "skipped": false
                },
                {
                  "title": "Os radio buttons devem ter o atributo name com o valor \"family\"",
                  "fullTitle": "Trybewarts 12 - Crie um campo de entrada para qual família a pessoa estudante se identifica Os radio buttons devem ter o atributo name com o valor \"family\"",
                  "timedOut": null,
                  "duration": 121,
                  "state": "passed",
                  "speed": "slow",
                  "pass": true,
                  "fail": false,
                  "pending": false,
                  "context": null,
                  "code": "cy.get('input[name=\"family\"]').then(function (arr) {\n  return expect(arr.length).to.equal(3);\n});",
                  "err": {},
                  "uuid": "e69c535c-bb7e-402a-bede-5142eac3da37",
                  "parentUUID": "48ad5ab9-5e54-44be-9ab6-3a0771b013a3",
                  "isHook": false,
                  "skipped": false
                },
                {
                  "title": "Posicione os radio buttons para ficar abaixo um do outro",
                  "fullTitle": "Trybewarts 12 - Crie um campo de entrada para qual família a pessoa estudante se identifica Posicione os radio buttons para ficar abaixo um do outro",
                  "timedOut": null,
                  "duration": 134,
                  "state": "passed",
                  "speed": "slow",
                  "pass": true,
                  "fail": false,
                  "pending": false,
                  "context": null,
                  "code": "checkIsBelowOf('input[value=\"Frontend\"]', 'input[value=\"Backend\"]');\ncheckIsBelowOf('input[value=\"Backend\"]', 'input[value=\"FullStack\"]');",
                  "err": {},
                  "uuid": "f2e49cee-7448-40d2-9a0c-1e256711b6fc",
                  "parentUUID": "48ad5ab9-5e54-44be-9ab6-3a0771b013a3",
                  "isHook": false,
                  "skipped": false
                },
                {
                  "title": "Posicione os radio buttons abaixo do label",
                  "fullTitle": "Trybewarts 12 - Crie um campo de entrada para qual família a pessoa estudante se identifica Posicione os radio buttons abaixo do label",
                  "timedOut": null,
                  "duration": 120,
                  "state": "passed",
                  "speed": "slow",
                  "pass": true,
                  "fail": false,
                  "pending": false,
                  "context": null,
                  "code": "checkIsBelowOf('#label-family', 'input[value=\"Frontend\"]');",
                  "err": {},
                  "uuid": "d46487c8-4488-4402-a99c-8256908a0e67",
                  "parentUUID": "48ad5ab9-5e54-44be-9ab6-3a0771b013a3",
                  "isHook": false,
                  "skipped": false
                }
              ],
              "suites": [],
              "passes": [
                "2d605513-461f-445a-8011-9ba4302b4c69",
                "0d7156fc-2835-4a3f-8db0-b4c9f5a7231a",
                "fab7c198-4b6a-4768-a7c5-c08f5d8e4bfc",
                "1e64ee58-ff35-4aa8-9ee3-653dc90f3599",
                "e69c535c-bb7e-402a-bede-5142eac3da37",
                "f2e49cee-7448-40d2-9a0c-1e256711b6fc",
                "d46487c8-4488-4402-a99c-8256908a0e67"
              ],
              "failures": [],
              "pending": [],
              "skipped": [],
              "duration": 931,
              "root": false,
              "rootEmpty": false,
              "_timeout": 2000
            },
            {
              "uuid": "2df99d18-3bb8-48eb-a0c3-4cdb214d5aaf",
              "title": "13 - Crie campos de entrada do tipo 'checkbox' contendo seis opções",
              "fullFile": "",
              "file": "",
              "beforeHooks": [],
              "afterHooks": [],
              "tests": [
                {
                  "title": "Um elemento com o id \"label-content\" e o texto \"Qual conteúdo você está com mais vontade de aprender?\" deverá ser criado",
                  "fullTitle": "Trybewarts 13 - Crie campos de entrada do tipo 'checkbox' contendo seis opções Um elemento com o id \"label-content\" e o texto \"Qual conteúdo você está com mais vontade de aprender?\" deverá ser criado",
                  "timedOut": null,
                  "duration": 140,
                  "state": "passed",
                  "speed": "slow",
                  "pass": true,
                  "fail": false,
                  "pending": false,
                  "context": null,
                  "code": "cy.get('#label-content').contains(LABEL_CONTENT_TEXT);",
                  "err": {},
                  "uuid": "d1bb30ee-ba33-4ec0-bf2a-44e464be9af5",
                  "parentUUID": "2df99d18-3bb8-48eb-a0c3-4cdb214d5aaf",
                  "isHook": false,
                  "skipped": false
                },
                {
                  "title": "Campo HoFs",
                  "fullTitle": "Trybewarts 13 - Crie campos de entrada do tipo 'checkbox' contendo seis opções Campo HoFs",
                  "timedOut": null,
                  "duration": 124,
                  "state": "passed",
                  "speed": "slow",
                  "pass": true,
                  "fail": false,
                  "pending": false,
                  "context": null,
                  "code": "cy.get('input[value=\"HoFs\"]').should('exist');",
                  "err": {},
                  "uuid": "c85b99c5-0e6b-4240-97e1-0aec3b1e64bd",
                  "parentUUID": "2df99d18-3bb8-48eb-a0c3-4cdb214d5aaf",
                  "isHook": false,
                  "skipped": false
                },
                {
                  "title": "Campo Jest",
                  "fullTitle": "Trybewarts 13 - Crie campos de entrada do tipo 'checkbox' contendo seis opções Campo Jest",
                  "timedOut": null,
                  "duration": 114,
                  "state": "passed",
                  "speed": "slow",
                  "pass": true,
                  "fail": false,
                  "pending": false,
                  "context": null,
                  "code": "cy.get('input[value=\"Jest\"]').should('exist');",
                  "err": {},
                  "uuid": "55bd7704-a67b-452f-ba12-c72cb145e947",
                  "parentUUID": "2df99d18-3bb8-48eb-a0c3-4cdb214d5aaf",
                  "isHook": false,
                  "skipped": false
                },
                {
                  "title": "Campo Promises",
                  "fullTitle": "Trybewarts 13 - Crie campos de entrada do tipo 'checkbox' contendo seis opções Campo Promises",
                  "timedOut": null,
                  "duration": 133,
                  "state": "passed",
                  "speed": "slow",
                  "pass": true,
                  "fail": false,
                  "pending": false,
                  "context": null,
                  "code": "cy.get('input[value=\"Promises\"]').should('exist');",
                  "err": {},
                  "uuid": "e6e2fd1c-5fbd-430b-9187-9ee3cc96e126",
                  "parentUUID": "2df99d18-3bb8-48eb-a0c3-4cdb214d5aaf",
                  "isHook": false,
                  "skipped": false
                },
                {
                  "title": "Campo React",
                  "fullTitle": "Trybewarts 13 - Crie campos de entrada do tipo 'checkbox' contendo seis opções Campo React",
                  "timedOut": null,
                  "duration": 124,
                  "state": "passed",
                  "speed": "slow",
                  "pass": true,
                  "fail": false,
                  "pending": false,
                  "context": null,
                  "code": "cy.get('input[value=\"React\"]').should('exist');",
                  "err": {},
                  "uuid": "f0ef5189-574b-4b01-9142-616ff8b950dc",
                  "parentUUID": "2df99d18-3bb8-48eb-a0c3-4cdb214d5aaf",
                  "isHook": false,
                  "skipped": false
                },
                {
                  "title": "Campo SQL",
                  "fullTitle": "Trybewarts 13 - Crie campos de entrada do tipo 'checkbox' contendo seis opções Campo SQL",
                  "timedOut": null,
                  "duration": 122,
                  "state": "passed",
                  "speed": "slow",
                  "pass": true,
                  "fail": false,
                  "pending": false,
                  "context": null,
                  "code": "cy.get('input[value=\"SQL\"]').should('exist');",
                  "err": {},
                  "uuid": "844e2f7c-0492-4124-b78b-716117b809ff",
                  "parentUUID": "2df99d18-3bb8-48eb-a0c3-4cdb214d5aaf",
                  "isHook": false,
                  "skipped": false
                },
                {
                  "title": "Campo Python",
                  "fullTitle": "Trybewarts 13 - Crie campos de entrada do tipo 'checkbox' contendo seis opções Campo Python",
                  "timedOut": null,
                  "duration": 135,
                  "state": "passed",
                  "speed": "slow",
                  "pass": true,
                  "fail": false,
                  "pending": false,
                  "context": null,
                  "code": "cy.get('input[value=\"Python\"]').should('exist');",
                  "err": {},
                  "uuid": "f2370a96-cc34-4bd3-85a8-61285354ab50",
                  "parentUUID": "2df99d18-3bb8-48eb-a0c3-4cdb214d5aaf",
                  "isHook": false,
                  "skipped": false
                },
                {
                  "title": "Posicione os checkbox abaixo do label",
                  "fullTitle": "Trybewarts 13 - Crie campos de entrada do tipo 'checkbox' contendo seis opções Posicione os checkbox abaixo do label",
                  "timedOut": null,
                  "duration": 138,
                  "state": "passed",
                  "speed": "slow",
                  "pass": true,
                  "fail": false,
                  "pending": false,
                  "context": null,
                  "code": "checkIsBelowOf('#label-content', 'input[value=\"HoFs\"]');",
                  "err": {},
                  "uuid": "c11245d6-dcd3-4260-86ee-4e55cdddd9ec",
                  "parentUUID": "2df99d18-3bb8-48eb-a0c3-4cdb214d5aaf",
                  "isHook": false,
                  "skipped": false
                }
              ],
              "suites": [],
              "passes": [
                "d1bb30ee-ba33-4ec0-bf2a-44e464be9af5",
                "c85b99c5-0e6b-4240-97e1-0aec3b1e64bd",
                "55bd7704-a67b-452f-ba12-c72cb145e947",
                "e6e2fd1c-5fbd-430b-9187-9ee3cc96e126",
                "f0ef5189-574b-4b01-9142-616ff8b950dc",
                "844e2f7c-0492-4124-b78b-716117b809ff",
                "f2370a96-cc34-4bd3-85a8-61285354ab50",
                "c11245d6-dcd3-4260-86ee-4e55cdddd9ec"
              ],
              "failures": [],
              "pending": [],
              "skipped": [],
              "duration": 1030,
              "root": false,
              "rootEmpty": false,
              "_timeout": 2000
            },
            {
              "uuid": "970c12da-0beb-46af-b091-963a521d60cb",
              "title": "14 - Crie campo de entrada para avaliar de 1 a 10 o nível de satisfação com a Trybewarts",
              "fullFile": "",
              "file": "",
              "beforeHooks": [],
              "afterHooks": [],
              "tests": [
                {
                  "title": "Um elemento com o id label-rate e o texto \"Como você avalia a Trybewarts?\" deverá ser criado",
                  "fullTitle": "Trybewarts 14 - Crie campo de entrada para avaliar de 1 a 10 o nível de satisfação com a Trybewarts Um elemento com o id label-rate e o texto \"Como você avalia a Trybewarts?\" deverá ser criado",
                  "timedOut": null,
                  "duration": 132,
                  "state": "passed",
                  "speed": "slow",
                  "pass": true,
                  "fail": false,
                  "pending": false,
                  "context": null,
                  "code": "cy.get('#label-rate').contains(LABEL_RATE_TEXT);",
                  "err": {},
                  "uuid": "7845e7bc-96f4-4329-87c9-f916466d46f1",
                  "parentUUID": "970c12da-0beb-46af-b091-963a521d60cb",
                  "isHook": false,
                  "skipped": false
                },
                {
                  "title": "O campo deve ser formado por dez radio buttons, contendo as opções de 1 a 10",
                  "fullTitle": "Trybewarts 14 - Crie campo de entrada para avaliar de 1 a 10 o nível de satisfação com a Trybewarts O campo deve ser formado por dez radio buttons, contendo as opções de 1 a 10",
                  "timedOut": null,
                  "duration": 155,
                  "state": "passed",
                  "speed": "slow",
                  "pass": true,
                  "fail": false,
                  "pending": false,
                  "context": null,
                  "code": "cy.get('input[name=\"rate\"]').its('length').should('be.gt', 9);",
                  "err": {},
                  "uuid": "ba117f28-2d6d-4b13-803f-86680b6e15d2",
                  "parentUUID": "970c12da-0beb-46af-b091-963a521d60cb",
                  "isHook": false,
                  "skipped": false
                },
                {
                  "title": "Posicione os radio buttons à direita do label",
                  "fullTitle": "Trybewarts 14 - Crie campo de entrada para avaliar de 1 a 10 o nível de satisfação com a Trybewarts Posicione os radio buttons à direita do label",
                  "timedOut": null,
                  "duration": 130,
                  "state": "passed",
                  "speed": "slow",
                  "pass": true,
                  "fail": false,
                  "pending": false,
                  "context": null,
                  "code": "checkIsRightOf('#label-rate', 'input[value=\"1\"]');",
                  "err": {},
                  "uuid": "913cc7cf-a464-4862-ba6f-ecdff483233b",
                  "parentUUID": "970c12da-0beb-46af-b091-963a521d60cb",
                  "isHook": false,
                  "skipped": false
                }
              ],
              "suites": [],
              "passes": [
                "7845e7bc-96f4-4329-87c9-f916466d46f1",
                "ba117f28-2d6d-4b13-803f-86680b6e15d2",
                "913cc7cf-a464-4862-ba6f-ecdff483233b"
              ],
              "failures": [],
              "pending": [],
              "skipped": [],
              "duration": 417,
              "root": false,
              "rootEmpty": false,
              "_timeout": 2000
            },
            {
              "uuid": "989502a2-d3b7-42e7-b474-28ce19938274",
              "title": "15 - Crie uma textarea com o id 'textarea' e uma label com a classe 'textarea' contendo o número máximo de caracteres igual à 500",
              "fullFile": "",
              "file": "",
              "beforeHooks": [],
              "afterHooks": [],
              "tests": [
                {
                  "title": "Uma label com a classe textarea e o texto \"Deixe seu comentário:\" deverá ser criado\" ",
                  "fullTitle": "Trybewarts 15 - Crie uma textarea com o id 'textarea' e uma label com a classe 'textarea' contendo o número máximo de caracteres igual à 500 Uma label com a classe textarea e o texto \"Deixe seu comentário:\" deverá ser criado\" ",
                  "timedOut": null,
                  "duration": 134,
                  "state": "passed",
                  "speed": "slow",
                  "pass": true,
                  "fail": false,
                  "pending": false,
                  "context": null,
                  "code": "cy.get('.textarea').contains(LABEL_TEXTAREA);",
                  "err": {},
                  "uuid": "c38d7170-1db6-4541-af95-7e7382fe50dc",
                  "parentUUID": "989502a2-d3b7-42e7-b474-28ce19938274",
                  "isHook": false,
                  "skipped": false
                },
                {
                  "title": "O campo textarea deverá ter o máximo de 500 caracteres",
                  "fullTitle": "Trybewarts 15 - Crie uma textarea com o id 'textarea' e uma label com a classe 'textarea' contendo o número máximo de caracteres igual à 500 O campo textarea deverá ter o máximo de 500 caracteres",
                  "timedOut": null,
                  "duration": 10384,
                  "state": "passed",
                  "speed": "slow",
                  "pass": true,
                  "fail": false,
                  "pending": false,
                  "context": null,
                  "code": "cy.get('textarea').type('text'.repeat(200));\ncy.get('textarea').invoke('val').should(function (value) {\n  expect(value).to.match(/^[a-z]{500}$/);\n});",
                  "err": {},
                  "uuid": "3ef657ab-4268-41ea-bfe3-ae93ee0e6de7",
                  "parentUUID": "989502a2-d3b7-42e7-b474-28ce19938274",
                  "isHook": false,
                  "skipped": false
                }
              ],
              "suites": [],
              "passes": [
                "c38d7170-1db6-4541-af95-7e7382fe50dc",
                "3ef657ab-4268-41ea-bfe3-ae93ee0e6de7"
              ],
              "failures": [],
              "pending": [],
              "skipped": [],
              "duration": 10518,
              "root": false,
              "rootEmpty": false,
              "_timeout": 2000
            },
            {
              "uuid": "971b5094-593e-4658-89b9-3009dd2e6091",
              "title": "16 - Crie um campo de entrada do tipo 'checkbox' com o id 'agreement' para validar as informações",
              "fullFile": "",
              "file": "",
              "beforeHooks": [],
              "afterHooks": [],
              "tests": [
                {
                  "title": "Uma label com o id \"label-infos\" deve possuir o texto \"Você concorda com o uso das informações acima?\"",
                  "fullTitle": "Trybewarts 16 - Crie um campo de entrada do tipo 'checkbox' com o id 'agreement' para validar as informações Uma label com o id \"label-infos\" deve possuir o texto \"Você concorda com o uso das informações acima?\"",
                  "timedOut": null,
                  "duration": 118,
                  "state": "passed",
                  "speed": "slow",
                  "pass": true,
                  "fail": false,
                  "pending": false,
                  "context": null,
                  "code": "cy.get(\"label#label-infos\").should('exist').contains('Você concorda com o uso das informações acima?');",
                  "err": {},
                  "uuid": "b1bc6b5d-1c81-46e0-858c-0736c0c2089c",
                  "parentUUID": "971b5094-593e-4658-89b9-3009dd2e6091",
                  "isHook": false,
                  "skipped": false
                },
                {
                  "title": "Um input do tipo checkbox deve existir e deve possuir o id \"agreement\"",
                  "fullTitle": "Trybewarts 16 - Crie um campo de entrada do tipo 'checkbox' com o id 'agreement' para validar as informações Um input do tipo checkbox deve existir e deve possuir o id \"agreement\"",
                  "timedOut": null,
                  "duration": 76,
                  "state": "passed",
                  "speed": "slow",
                  "pass": true,
                  "fail": false,
                  "pending": false,
                  "context": null,
                  "code": "cy.get('input#agreement[type=\"checkbox\"]').should('exist');",
                  "err": {},
                  "uuid": "9496b4ed-8081-468e-acec-9f67f2837984",
                  "parentUUID": "971b5094-593e-4658-89b9-3009dd2e6091",
                  "isHook": false,
                  "skipped": false
                }
              ],
              "suites": [],
              "passes": [
                "b1bc6b5d-1c81-46e0-858c-0736c0c2089c",
                "9496b4ed-8081-468e-acec-9f67f2837984"
              ],
              "failures": [],
              "pending": [],
              "skipped": [],
              "duration": 194,
              "root": false,
              "rootEmpty": false,
              "_timeout": 2000
            },
            {
              "uuid": "67b56a1e-2837-44fd-be56-758894da0b86",
              "title": "17 - Crie um botão de Enviar para submeter o formulário",
              "fullFile": "",
              "file": "",
              "beforeHooks": [],
              "afterHooks": [],
              "tests": [
                {
                  "title": "Deve existir um botão com o id \"submit-btn\" e o texto \"Enviar\"",
                  "fullTitle": "Trybewarts 17 - Crie um botão de Enviar para submeter o formulário Deve existir um botão com o id \"submit-btn\" e o texto \"Enviar\"",
                  "timedOut": null,
                  "duration": 148,
                  "state": "passed",
                  "speed": "slow",
                  "pass": true,
                  "fail": false,
                  "pending": false,
                  "context": null,
                  "code": "cy.get('button#submit-btn[type=\"submit\"]').should('exist').should('have.text', 'Enviar');",
                  "err": {},
                  "uuid": "74f8c1a2-5a4f-471f-9bdc-1d83ad56f70b",
                  "parentUUID": "67b56a1e-2837-44fd-be56-758894da0b86",
                  "isHook": false,
                  "skipped": false
                }
              ],
              "suites": [],
              "passes": [
                "74f8c1a2-5a4f-471f-9bdc-1d83ad56f70b"
              ],
              "failures": [],
              "pending": [],
              "skipped": [],
              "duration": 148,
              "root": false,
              "rootEmpty": false,
              "_timeout": 2000
            },
            {
              "uuid": "9f115f6a-b661-482b-9e6e-95e0e55ccc90",
              "title": "18 - Faça com que o botão 'Enviar' seja habilitado somente após a checkbox do requisito 16 ser selecionada",
              "fullFile": "",
              "file": "",
              "beforeHooks": [],
              "afterHooks": [],
              "tests": [
                {
                  "title": "O botão deve inicialmente estar desabilitado",
                  "fullTitle": "Trybewarts 18 - Faça com que o botão 'Enviar' seja habilitado somente após a checkbox do requisito 16 ser selecionada O botão deve inicialmente estar desabilitado",
                  "timedOut": null,
                  "duration": 74,
                  "state": "passed",
                  "speed": "medium",
                  "pass": true,
                  "fail": false,
                  "pending": false,
                  "context": null,
                  "code": "cy.get('button#submit-btn').should('be.disabled');",
                  "err": {},
                  "uuid": "550200a4-c40f-4c4e-b9a9-bfdc637edfc4",
                  "parentUUID": "9f115f6a-b661-482b-9e6e-95e0e55ccc90",
                  "isHook": false,
                  "skipped": false
                },
                {
                  "title": "Ao marcar o campo de confirmação, o botão de Enviar deve ser habilitado",
                  "fullTitle": "Trybewarts 18 - Faça com que o botão 'Enviar' seja habilitado somente após a checkbox do requisito 16 ser selecionada Ao marcar o campo de confirmação, o botão de Enviar deve ser habilitado",
                  "timedOut": null,
                  "duration": 10196,
                  "state": "failed",
                  "speed": null,
                  "pass": false,
                  "fail": true,
                  "pending": false,
                  "context": null,
                  "code": "cy.get('input#agreement').check();\ncy.get('button#submit-btn').should('not.be.disabled');",
                  "err": {
                    "message": "CypressError: Timed out retrying after 10050ms: `cy.check()` failed because the center of this element is hidden from view:\n\n`<input type=\"checkbox\" id=\"agreement\">`\n\nFix this problem, or use `{force: true}` to disable error checking.\n\nhttps://on.cypress.io/element-cannot-be-interacted-with",
                    "estack": "CypressError: Timed out retrying after 10050ms: `cy.check()` failed because the center of this element is hidden from view:\n\n`<input type=\"checkbox\" id=\"agreement\">`\n\nFix this problem, or use `{force: true}` to disable error checking.\n\nhttps://on.cypress.io/element-cannot-be-interacted-with\n    at $Cy.ensureDescendents (http://localhost:57319/__cypress/runner/cypress_runner.js:162731:24)\n    at ensureDescendents (http://localhost:57319/__cypress/runner/cypress_runner.js:151114:8)\n    at possiblyScrollMultipleTimes (http://localhost:57319/__cypress/runner/cypress_runner.js:151223:22)\n    at scrollContainers (http://localhost:57319/__cypress/runner/cypress_runner.js:151246:16)\n    at ensureDescendentsAndScroll (http://localhost:57319/__cypress/runner/cypress_runner.js:151250:14)\n    at ensureElIsNotCovered (http://localhost:57319/__cypress/runner/cypress_runner.js:151255:5)\n    at runAllChecks (http://localhost:57319/__cypress/runner/cypress_runner.js:151430:52)\n    at retryActionability (http://localhost:57319/__cypress/runner/cypress_runner.js:151453:16)\n    at tryCatcher (http://localhost:57319/__cypress/runner/cypress_runner.js:10765:23)\n    at Function.Promise.attempt.Promise.try (http://localhost:57319/__cypress/runner/cypress_runner.js:8039:29)\n    at tryFn (http://localhost:57319/__cypress/runner/cypress_runner.js:167065:21)\n    at whenStable (http://localhost:57319/__cypress/runner/cypress_runner.js:167103:12)\n    at http://localhost:57319/__cypress/runner/cypress_runner.js:166598:16\n    at tryCatcher (http://localhost:57319/__cypress/runner/cypress_runner.js:10765:23)\n    at Promise._settlePromiseFromHandler (http://localhost:57319/__cypress/runner/cypress_runner.js:8700:31)\n    at Promise._settlePromise (http://localhost:57319/__cypress/runner/cypress_runner.js:8757:18)\nFrom Your Spec Code:\n    at Context.eval (http://localhost:57319/__cypress/tests?p=cypress/integration/project.spec.js:398:33)",
                    "diff": null
                  },
                  "uuid": "96a01768-9198-40af-a13f-21d3d6da042c",
                  "parentUUID": "9f115f6a-b661-482b-9e6e-95e0e55ccc90",
                  "isHook": false,
                  "skipped": false
                }
              ],
              "suites": [],
              "passes": [
                "550200a4-c40f-4c4e-b9a9-bfdc637edfc4"
              ],
              "failures": [
                "96a01768-9198-40af-a13f-21d3d6da042c"
              ],
              "pending": [],
              "skipped": [],
              "duration": 10270,
              "root": false,
              "rootEmpty": false,
              "_timeout": 2000
            },
            {
              "uuid": "e2822c7d-233f-4ade-a932-283a237d3f6c",
              "title": "19 - Crie um rodapé no final da página",
              "fullFile": "",
              "file": "",
              "beforeHooks": [],
              "afterHooks": [],
              "tests": [
                {
                  "title": "O rodapé deve conter o texto \"Direitos reservados à Trybewarts©\"",
                  "fullTitle": "Trybewarts 19 - Crie um rodapé no final da página O rodapé deve conter o texto \"Direitos reservados à Trybewarts©\"",
                  "timedOut": null,
                  "duration": 118,
                  "state": "passed",
                  "speed": "slow",
                  "pass": true,
                  "fail": false,
                  "pending": false,
                  "context": null,
                  "code": "cy.get('footer').should('exist').contains('Direitos reservados à Trybewarts©');",
                  "err": {},
                  "uuid": "2cf7d2f8-80a9-48e3-a32e-770d4ca5c160",
                  "parentUUID": "e2822c7d-233f-4ade-a932-283a237d3f6c",
                  "isHook": false,
                  "skipped": false
                }
              ],
              "suites": [],
              "passes": [
                "2cf7d2f8-80a9-48e3-a32e-770d4ca5c160"
              ],
              "failures": [],
              "pending": [],
              "skipped": [],
              "duration": 118,
              "root": false,
              "rootEmpty": false,
              "_timeout": 2000
            },
            {
              "uuid": "bc96b72d-c58b-4547-b3e5-b58d992d0050",
              "title": "20 - Crie um contador com o ID 'counter' contendo o número de caracteres disponíveis no textarea, variando de 500 até 0, que deverá ser atualizado a medida que algo for digitado na textarea",
              "fullFile": "",
              "file": "",
              "beforeHooks": [],
              "afterHooks": [],
              "tests": [
                {
                  "title": "Deve existir um contador com o ID \"counter\"",
                  "fullTitle": "Trybewarts 20 - Crie um contador com o ID 'counter' contendo o número de caracteres disponíveis no textarea, variando de 500 até 0, que deverá ser atualizado a medida que algo for digitado na textarea Deve existir um contador com o ID \"counter\"",
                  "timedOut": null,
                  "duration": 109,
                  "state": "passed",
                  "speed": "slow",
                  "pass": true,
                  "fail": false,
                  "pending": false,
                  "context": null,
                  "code": "cy.get('#counter').should('exist');",
                  "err": {},
                  "uuid": "e31775e4-dcb8-4f7d-b335-5f58b29e4830",
                  "parentUUID": "bc96b72d-c58b-4547-b3e5-b58d992d0050",
                  "isHook": false,
                  "skipped": false
                },
                {
                  "title": "O contador de caracteres deve ser atualizado conforme o conteúdo do textarea muda.",
                  "fullTitle": "Trybewarts 20 - Crie um contador com o ID 'counter' contendo o número de caracteres disponíveis no textarea, variando de 500 até 0, que deverá ser atualizado a medida que algo for digitado na textarea O contador de caracteres deve ser atualizado conforme o conteúdo do textarea muda.",
                  "timedOut": null,
                  "duration": 10470,
                  "state": "failed",
                  "speed": null,
                  "pass": false,
                  "fail": true,
                  "pending": false,
                  "context": null,
                  "code": "cy.get(\"#counter\").contains('500');\ncy.get(\"#textarea\").type('Salve salve família');\ncy.get(\"#counter\").contains('481');\ncy.get('#textarea').clear();\ncy.get(\"#counter\").should('contain', '500');\ncy.get('#textarea').type('Salve salve');\ncy.get(\"#counter\").should('contain', '489');",
                  "err": {
                    "message": "AssertionError: Timed out retrying after 10000ms: Expected to find content: '481' within the element: <div#counter> but never did.",
                    "estack": "AssertionError: Timed out retrying after 10000ms: Expected to find content: '481' within the element: <div#counter> but never did.\n    at Context.eval (http://localhost:57319/__cypress/tests?p=cypress/integration/project.spec.js:414:26)",
                    "diff": null
                  },
                  "uuid": "363753ea-34f2-4dc1-887a-80cdedd9522a",
                  "parentUUID": "bc96b72d-c58b-4547-b3e5-b58d992d0050",
                  "isHook": false,
                  "skipped": false
                }
              ],
              "suites": [],
              "passes": [
                "e31775e4-dcb8-4f7d-b335-5f58b29e4830"
              ],
              "failures": [
                "363753ea-34f2-4dc1-887a-80cdedd9522a"
              ],
              "pending": [],
              "skipped": [],
              "duration": 10579,
              "root": false,
              "rootEmpty": false,
              "_timeout": 2000
            },
            {
              "uuid": "3c117f5b-94e1-49b3-a57e-87187285b904",
              "title": "21 - Faça com que ao clicar no botão 'Enviar', o conteúdo do formulário seja substituído pelas informações preenchidas",
              "fullFile": "",
              "file": "",
              "beforeHooks": [],
              "afterHooks": [],
              "tests": [
                {
                  "title": "Deve haver um texto no modelo \"Nome: John Doe\" (substitua John Doe pelo nome e sobrenome preenchido no formulário)",
                  "fullTitle": "Trybewarts 21 - Faça com que ao clicar no botão 'Enviar', o conteúdo do formulário seja substituído pelas informações preenchidas Deve haver um texto no modelo \"Nome: John Doe\" (substitua John Doe pelo nome e sobrenome preenchido no formulário)",
                  "timedOut": null,
                  "duration": 11868,
                  "state": "failed",
                  "speed": null,
                  "pass": false,
                  "fail": true,
                  "pending": false,
                  "context": null,
                  "code": "cy.get('#evaluation-form').contains(\"Nome: \".concat(firstName, \" \").concat(lastName));",
                  "err": {
                    "message": "CypressError: Timed out retrying after 10050ms: `cy.check()` failed because the center of this element is hidden from view:\n\n`<input type=\"checkbox\" id=\"agreement\">`\n\nFix this problem, or use `{force: true}` to disable error checking.\n\nhttps://on.cypress.io/element-cannot-be-interacted-with\n\nBecause this error occurred during a `before each` hook we are skipping the remaining tests in the current suite: `21 - Faça com que ao clicar...`",
                    "estack": "CypressError: Timed out retrying after 10050ms: `cy.check()` failed because the center of this element is hidden from view:\n\n`<input type=\"checkbox\" id=\"agreement\">`\n\nFix this problem, or use `{force: true}` to disable error checking.\n\nhttps://on.cypress.io/element-cannot-be-interacted-with\n\nBecause this error occurred during a `before each` hook we are skipping the remaining tests in the current suite: `21 - Faça com que ao clicar...`\n    at $Cy.ensureDescendents (http://localhost:57319/__cypress/runner/cypress_runner.js:162731:24)\n    at ensureDescendents (http://localhost:57319/__cypress/runner/cypress_runner.js:151114:8)\n    at possiblyScrollMultipleTimes (http://localhost:57319/__cypress/runner/cypress_runner.js:151223:22)\n    at scrollContainers (http://localhost:57319/__cypress/runner/cypress_runner.js:151246:16)\n    at ensureDescendentsAndScroll (http://localhost:57319/__cypress/runner/cypress_runner.js:151250:14)\n    at ensureElIsNotCovered (http://localhost:57319/__cypress/runner/cypress_runner.js:151255:5)\n    at runAllChecks (http://localhost:57319/__cypress/runner/cypress_runner.js:151430:52)\n    at retryActionability (http://localhost:57319/__cypress/runner/cypress_runner.js:151453:16)\n    at tryCatcher (http://localhost:57319/__cypress/runner/cypress_runner.js:10765:23)\n    at Function.Promise.attempt.Promise.try (http://localhost:57319/__cypress/runner/cypress_runner.js:8039:29)\n    at tryFn (http://localhost:57319/__cypress/runner/cypress_runner.js:167065:21)\n    at whenStable (http://localhost:57319/__cypress/runner/cypress_runner.js:167103:12)\n    at http://localhost:57319/__cypress/runner/cypress_runner.js:166598:16\n    at tryCatcher (http://localhost:57319/__cypress/runner/cypress_runner.js:10765:23)\n    at Promise._settlePromiseFromHandler (http://localhost:57319/__cypress/runner/cypress_runner.js:8700:31)\n    at Promise._settlePromise (http://localhost:57319/__cypress/runner/cypress_runner.js:8757:18)\nFrom Your Spec Code:\n    at Context.eval (http://localhost:57319/__cypress/tests?p=cypress/integration/project.spec.js:466:33)",
                    "diff": null
                  },
                  "uuid": "afc5a400-ed78-4944-aed5-eb5b4f58ba24",
                  "parentUUID": "3c117f5b-94e1-49b3-a57e-87187285b904",
                  "isHook": false,
                  "skipped": false
                },
                {
                  "title": "Deve haver um texto no modelo \"Email: alguem@email.com\"",
                  "fullTitle": "Trybewarts 21 - Faça com que ao clicar no botão 'Enviar', o conteúdo do formulário seja substituído pelas informações preenchidas Deve haver um texto no modelo \"Email: alguem@email.com\"",
                  "timedOut": null,
                  "duration": 0,
                  "state": "skipped",
                  "speed": null,
                  "pass": false,
                  "fail": false,
                  "pending": false,
                  "context": null,
                  "code": "cy.get('#evaluation-form').contains(\"Email: \".concat(email));",
                  "err": {},
                  "uuid": "97b8e0ed-1e9b-4b10-a691-ecaa7791aa03",
                  "parentUUID": "3c117f5b-94e1-49b3-a57e-87187285b904",
                  "isHook": false,
                  "skipped": true
                },
                {
                  "title": "Deve haver um texto no modelo \"Casa: -Casa marcada-\"",
                  "fullTitle": "Trybewarts 21 - Faça com que ao clicar no botão 'Enviar', o conteúdo do formulário seja substituído pelas informações preenchidas Deve haver um texto no modelo \"Casa: -Casa marcada-\"",
                  "timedOut": null,
                  "duration": 0,
                  "state": "skipped",
                  "speed": null,
                  "pass": false,
                  "fail": false,
                  "pending": false,
                  "context": null,
                  "code": "cy.get('#evaluation-form').contains(\"Casa: \".concat(house));",
                  "err": {},
                  "uuid": "d796c41c-1cd5-4c22-ab60-564e747f3d85",
                  "parentUUID": "3c117f5b-94e1-49b3-a57e-87187285b904",
                  "isHook": false,
                  "skipped": true
                },
                {
                  "title": "Deve haver um texto no modelo \"Família: -Família marcada-\"",
                  "fullTitle": "Trybewarts 21 - Faça com que ao clicar no botão 'Enviar', o conteúdo do formulário seja substituído pelas informações preenchidas Deve haver um texto no modelo \"Família: -Família marcada-\"",
                  "timedOut": null,
                  "duration": 0,
                  "state": "skipped",
                  "speed": null,
                  "pass": false,
                  "fail": false,
                  "pending": false,
                  "context": null,
                  "code": "cy.get('#evaluation-form').contains(\"Fam\\xEDlia: \".concat(family));",
                  "err": {},
                  "uuid": "efca2e25-7be0-4801-81f6-0fecfa7358bf",
                  "parentUUID": "3c117f5b-94e1-49b3-a57e-87187285b904",
                  "isHook": false,
                  "skipped": true
                },
                {
                  "title": "Deve haver um texto no modelo \"Matérias: -Matérias marcadas-\"",
                  "fullTitle": "Trybewarts 21 - Faça com que ao clicar no botão 'Enviar', o conteúdo do formulário seja substituído pelas informações preenchidas Deve haver um texto no modelo \"Matérias: -Matérias marcadas-\"",
                  "timedOut": null,
                  "duration": 0,
                  "state": "skipped",
                  "speed": null,
                  "pass": false,
                  "fail": false,
                  "pending": false,
                  "context": null,
                  "code": "cy.get('#evaluation-form').contains('Matérias: Jest, React, SQL');",
                  "err": {},
                  "uuid": "91a4cd70-29fe-4999-9d61-4117e51ef2a5",
                  "parentUUID": "3c117f5b-94e1-49b3-a57e-87187285b904",
                  "isHook": false,
                  "skipped": true
                },
                {
                  "title": "Deve haver um texto no modelo \"Avaliação: -Nota marcada-\"",
                  "fullTitle": "Trybewarts 21 - Faça com que ao clicar no botão 'Enviar', o conteúdo do formulário seja substituído pelas informações preenchidas Deve haver um texto no modelo \"Avaliação: -Nota marcada-\"",
                  "timedOut": null,
                  "duration": 0,
                  "state": "skipped",
                  "speed": null,
                  "pass": false,
                  "fail": false,
                  "pending": false,
                  "context": null,
                  "code": "cy.get('#evaluation-form').contains(\"Avalia\\xE7\\xE3o: \".concat(rate));",
                  "err": {},
                  "uuid": "e2909a96-40ae-4a61-9102-acafac1f2c14",
                  "parentUUID": "3c117f5b-94e1-49b3-a57e-87187285b904",
                  "isHook": false,
                  "skipped": true
                },
                {
                  "title": "Deve haver um texto no modelo \"Observações: -Texto preenchido-\"",
                  "fullTitle": "Trybewarts 21 - Faça com que ao clicar no botão 'Enviar', o conteúdo do formulário seja substituído pelas informações preenchidas Deve haver um texto no modelo \"Observações: -Texto preenchido-\"",
                  "timedOut": null,
                  "duration": 0,
                  "state": "skipped",
                  "speed": null,
                  "pass": false,
                  "fail": false,
                  "pending": false,
                  "context": null,
                  "code": "cy.get('#evaluation-form').contains(\"Observa\\xE7\\xF5es: \".concat(observation));",
                  "err": {},
                  "uuid": "e63e4d60-408f-47d4-b2c0-34208bdd19cb",
                  "parentUUID": "3c117f5b-94e1-49b3-a57e-87187285b904",
                  "isHook": false,
                  "skipped": true
                }
              ],
              "suites": [],
              "passes": [],
              "failures": [
                "afc5a400-ed78-4944-aed5-eb5b4f58ba24"
              ],
              "pending": [],
              "skipped": [
                "97b8e0ed-1e9b-4b10-a691-ecaa7791aa03",
                "d796c41c-1cd5-4c22-ab60-564e747f3d85",
                "efca2e25-7be0-4801-81f6-0fecfa7358bf",
                "91a4cd70-29fe-4999-9d61-4117e51ef2a5",
                "e2909a96-40ae-4a61-9102-acafac1f2c14",
                "e63e4d60-408f-47d4-b2c0-34208bdd19cb"
              ],
              "duration": 11868,
              "root": false,
              "rootEmpty": false,
              "_timeout": 2000
            }
          ],
          "passes": [],
          "failures": [],
          "pending": [],
          "skipped": [],
          "duration": 0,
          "root": false,
          "rootEmpty": false,
          "_timeout": 2000
        }
      ],
      "passes": [],
      "failures": [],
      "pending": [],
      "skipped": [],
      "duration": 0,
      "root": true,
      "rootEmpty": true,
      "_timeout": 2000
    }
  ],
  "meta": {
    "mocha": {
      "version": "7.0.1"
    },
    "mochawesome": {
      "options": {
        "quiet": false,
        "reportFilename": "mochawesome",
        "saveHtml": false,
        "saveJson": true,
        "consoleReporter": "spec",
        "useInlineDiffs": false,
        "code": true
      },
      "version": "6.2.2"
    },
    "marge": {
      "options": {
        "id": "default",
        "reportDir": "cypress/reports",
        "overwrite": false,
        "html": false,
        "json": true
      },
      "version": "5.2.0"
    }
  }
}